Log file open, 03/09/21 21:48:21
LogInit: Display: Running engine for game: ProjectNova
LogPlatformFile: Not using cached read wrapper
LogTaskGraph: Started task graph with 5 named threads and 23 total threads with 3 sets of task threads.
LogStats: Stats thread started at 0.696828
LogD3D11RHI: Loaded GFSDK_Aftermath_Lib.x64.dll
LogICUInternationalization: ICU TimeZone Detection - Raw Offset: -5:00, Platform Override: ''
LogPluginManager: Mounting plugin Paper2D
LogPluginManager: Mounting plugin AISupport
LogPluginManager: Mounting plugin LightPropagationVolume
LogPluginManager: Mounting plugin CameraShakePreviewer
LogPluginManager: Mounting plugin ActorLayerUtilities
LogPluginManager: Mounting plugin AnimationSharing
LogPluginManager: Mounting plugin CLionSourceCodeAccess
LogPluginManager: Mounting plugin CodeLiteSourceCodeAccess
LogPluginManager: Mounting plugin GitSourceControl
LogPluginManager: Mounting plugin KDevelopSourceCodeAccess
LogPluginManager: Mounting plugin NullSourceCodeAccess
LogPluginManager: Mounting plugin PerforceSourceControl
LogPluginManager: Mounting plugin PlasticSourceControl
LogPluginManager: Mounting plugin RiderSourceCodeAccess
LogPluginManager: Mounting plugin SubversionSourceControl
LogPluginManager: Mounting plugin UObjectPlugin
LogPluginManager: Mounting plugin VisualStudioCodeSourceCodeAccess
LogPluginManager: Mounting plugin VisualStudioSourceCodeAccess
LogPluginManager: Mounting plugin XCodeSourceCodeAccess
LogPluginManager: Mounting plugin AssetManagerEditor
LogPluginManager: Mounting plugin CryptoKeys
LogPluginManager: Mounting plugin CurveEditorTools
LogPluginManager: Mounting plugin DataValidation
LogPluginManager: Mounting plugin EditorScriptingUtilities
LogPluginManager: Mounting plugin FacialAnimation
LogPluginManager: Mounting plugin GameplayTagsEditor
LogPluginManager: Mounting plugin GeometryMode
LogPluginManager: Mounting plugin MacGraphicsSwitching
LogPluginManager: Mounting plugin MaterialAnalyzer
LogPluginManager: Mounting plugin MobileLauncherProfileWizard
LogPluginManager: Mounting plugin PluginBrowser
LogPluginManager: Mounting plugin SpeedTreeImporter
LogPluginManager: Mounting plugin DatasmithContent
LogPluginManager: Mounting plugin VariantManagerContent
LogPluginManager: Mounting plugin AlembicImporter
LogPluginManager: Mounting plugin AutomationUtils
LogPluginManager: Mounting plugin BackChannel
LogPluginManager: Mounting plugin ChaosCloth
LogPluginManager: Mounting plugin ChaosClothEditor
LogPluginManager: Mounting plugin ChaosEditor
LogPluginManager: Mounting plugin ChaosNiagara
LogPluginManager: Mounting plugin ChaosSolverPlugin
LogPluginManager: Mounting plugin CharacterAI
LogPluginManager: Mounting plugin GeometryCache
LogPluginManager: Mounting plugin GeometryCollectionPlugin
LogPluginManager: Mounting plugin GeometryProcessing
LogPluginManager: Mounting plugin PlanarCut
LogPluginManager: Mounting plugin PlatformCrypto
LogPluginManager: Mounting plugin ProxyLODPlugin
LogPluginManager: Mounting plugin SkeletalReduction
LogPluginManager: Mounting plugin Niagara
LogPluginManager: Mounting plugin MagicLeap
LogPluginManager: Mounting plugin MagicLeapLightEstimation
LogPluginManager: Mounting plugin MagicLeapMedia
LogPluginManager: Mounting plugin MagicLeapPassableWorld
LogPluginManager: Mounting plugin MLSDK
LogPluginManager: Mounting plugin AndroidMedia
LogPluginManager: Mounting plugin AvfMedia
LogPluginManager: Mounting plugin ImgMedia
LogPluginManager: Mounting plugin MediaCompositing
LogPluginManager: Mounting plugin MediaPlayerEditor
LogPluginManager: Mounting plugin WebMMedia
LogPluginManager: Mounting plugin WmfMedia
LogPluginManager: Mounting plugin MeshPainting
LogPluginManager: Mounting plugin TcpMessaging
LogPluginManager: Mounting plugin UdpMessaging
LogPluginManager: Mounting plugin ActorSequence
LogPluginManager: Mounting plugin LevelSequenceEditor
LogPluginManager: Mounting plugin MatineeToLevelSequence
LogPluginManager: Mounting plugin MovieRenderPipeline
LogPluginManager: Mounting plugin TemplateSequence
LogPluginManager: Mounting plugin NetcodeUnitTest
LogPluginManager: Mounting plugin NUTUnrealEngine4
LogPluginManager: Mounting plugin OnlineSubsystemGooglePlay
LogPluginManager: Mounting plugin OnlineSubsystemIOS
LogPluginManager: Mounting plugin OnlineSubsystem
LogPluginManager: Mounting plugin OnlineSubsystemNull
LogPluginManager: Mounting plugin OnlineSubsystemUtils
LogPluginManager: Mounting plugin LauncherChunkInstaller
LogPluginManager: Mounting plugin AndroidDeviceProfileSelector
LogPluginManager: Mounting plugin AndroidMoviePlayer
LogPluginManager: Mounting plugin AndroidPermission
LogPluginManager: Mounting plugin AppleImageUtils
LogPluginManager: Mounting plugin AppleMoviePlayer
LogPluginManager: Mounting plugin ArchVisCharacter
LogPluginManager: Mounting plugin AssetTags
LogPluginManager: Mounting plugin AudioCapture
LogPluginManager: Mounting plugin CableComponent
LogPluginManager: Mounting plugin CustomMeshComponent
LogPluginManager: Mounting plugin EditableMesh
LogPluginManager: Mounting plugin ExampleDeviceProfileSelector
LogPluginManager: Mounting plugin GoogleCloudMessaging
LogPluginManager: Mounting plugin GooglePAD
LogPluginManager: Mounting plugin IOSDeviceProfileSelector
LogPluginManager: Mounting plugin LinuxDeviceProfileSelector
LogPluginManager: Mounting plugin LocationServicesBPLibrary
LogPluginManager: Mounting plugin MobilePatchingUtils
LogPluginManager: Mounting plugin OculusVR
LogPluginManager: Mounting plugin PhysXVehicles
LogPluginManager: Mounting plugin PostSplashScreen
LogPluginManager: Mounting plugin ProceduralMeshComponent
LogPluginManager: Mounting plugin RuntimePhysXCooking
LogPluginManager: Mounting plugin SignificanceManager
LogPluginManager: Mounting plugin SoundFields
LogPluginManager: Mounting plugin SteamVR
LogPluginManager: Mounting plugin Synthesis
LogPluginManager: Mounting plugin WebMMoviePlayer
LogPluginManager: Mounting plugin WindowsMoviePlayer
LogPluginManager: Mounting plugin ScreenshotTools
LogInit: Using libcurl 7.55.1-DEV
LogInit:  - built for x86_64-pc-win32
LogInit:  - supports SSL with OpenSSL/1.1.1
LogInit:  - supports HTTP deflate (compression) using libz 1.2.8
LogInit:  - other features:
LogInit:      CURL_VERSION_SSL
LogInit:      CURL_VERSION_LIBZ
LogInit:      CURL_VERSION_IPV6
LogInit:      CURL_VERSION_ASYNCHDNS
LogInit:      CURL_VERSION_LARGEFILE
LogInit:      CURL_VERSION_IDN
LogInit:  CurlRequestOptions (configurable via config and command line):
LogInit:  - bVerifyPeer = true  - Libcurl will verify peer certificate
LogInit:  - bUseHttpProxy = false  - Libcurl will NOT use HTTP proxy
LogInit:  - bDontReuseConnections = false  - Libcurl will reuse connections
LogInit:  - MaxHostConnections = 16  - Libcurl will limit the number of connections to a host
LogInit:  - LocalHostAddr = Default
LogInit:  - BufferSize = 65536
LogOnline: OSS: Creating online subsystem instance for: NULL
LogInit: WinSock: version 1.1 (2.2), MaxSocks=32767, MaxUdp=65467
LogOnline: OSS: TryLoadSubsystemAndSetDefault: Loaded subsystem for module [NULL]
LogInit: Build: ++UE4+Release-4.25-CL-14469661
LogInit: Engine Version: 4.25.4-14469661+++UE4+Release-4.25
LogInit: Compatible Engine Version: 4.25.0-13144385+++UE4+Release-4.25
LogInit: Net CL: 13144385
LogInit: OS: Windows 10 (Release 2009) (), CPU: Intel(R) Core(TM) i7-6700K CPU @ 4.00GHz, GPU: NVIDIA GeForce GTX 970
LogInit: Compiled (64-bit): Oct 11 2020 08:10:49
LogInit: Compiled with Visual C++: 19.24.28315.00
LogInit: Build Configuration: Development
LogInit: Branch Name: ++UE4+Release-4.25
LogInit: Command Line: 
LogInit: Base Directory: C:/Users/ctlen/Desktop/New folder (2)/UE_4.25/Engine/Binaries/Win64/
LogInit: Allocator: TBB
LogInit: Installed Engine Build: 1
LogDevObjectVersion: Number of dev versions registered: 26
LogDevObjectVersion:   Dev-Blueprints (B0D832E4-1F89-4F0D-ACCF-7EB736FD4AA2): 10
LogDevObjectVersion:   Dev-Build (E1C64328-A22C-4D53-A36C-8E866417BD8C): 0
LogDevObjectVersion:   Dev-Core (375EC13C-06E4-48FB-B500-84F0262A717E): 4
LogDevObjectVersion:   Dev-Editor (E4B068ED-F494-42E9-A231-DA0B2E46BB41): 38
LogDevObjectVersion:   Dev-Framework (CFFC743F-43B0-4480-9391-14DF171D2073): 37
LogDevObjectVersion:   Dev-Mobile (B02B49B5-BB20-44E9-A304-32B752E40360): 2
LogDevObjectVersion:   Dev-Networking (A4E4105C-59A1-49B5-A7C5-40C4547EDFEE): 0
LogDevObjectVersion:   Dev-Online (39C831C9-5AE6-47DC-9A44-9C173E1C8E7C): 0
LogDevObjectVersion:   Dev-Physics (78F01B33-EBEA-4F98-B9B4-84EACCB95AA2): 4
LogDevObjectVersion:   Dev-Platform (6631380F-2D4D-43E0-8009-CF276956A95A): 0
LogDevObjectVersion:   Dev-Rendering (12F88B9F-8875-4AFC-A67C-D90C383ABD29): 43
LogDevObjectVersion:   Dev-Sequencer (7B5AE74C-D270-4C10-A958-57980B212A5A): 12
LogDevObjectVersion:   Dev-VR (D7296918-1DD6-4BDD-9DE2-64A83CC13884): 3
LogDevObjectVersion:   Dev-LoadTimes (C2A15278-BFE7-4AFE-6C17-90FF531DF755): 1
LogDevObjectVersion:   Private-Geometry (6EACA3D4-40EC-4CC1-B786-8BED09428FC5): 3
LogDevObjectVersion:   Dev-AnimPhys (29E575DD-E0A3-4627-9D10-D276232CDCEA): 17
LogDevObjectVersion:   Dev-Anim (AF43A65D-7FD3-4947-9873-3E8ED9C1BB05): 7
LogDevObjectVersion:   Dev-ReflectionCapture (6B266CEC-1EC7-4B8F-A30B-E4D90942FC07): 1
LogDevObjectVersion:   Dev-Automation (0DF73D61-A23F-47EA-B727-89E90C41499A): 1
LogDevObjectVersion:   FortniteMain (601D1886-AC64-4F84-AA16-D3DE0DEAC7D6): 31
LogDevObjectVersion:   Dev-Enterprise (9DFFBCD6-494F-0158-E221-12823C92A888): 10
LogDevObjectVersion:   Dev-Niagara (F2AED0AC-9AFE-416F-8664-AA7FFA26D6FC): 1
LogDevObjectVersion:   Dev-Destruction (174F1F0B-B4C6-45A5-B13F-2EE8D0FB917D): 10
LogDevObjectVersion:   Dev-Physics-Ext (35F94A83-E258-406C-A318-09F59610247C): 37
LogDevObjectVersion:   Dev-PhysicsMaterial-Chaos (B68FC16E-8B1B-42E2-B453-215C058844FE): 1
LogDevObjectVersion:   Dev-CineCamera (B2E18506-4273-CFC2-A54E-F4BB758BBA07): 1
LogInit: Presizing for max 25165824 objects, including 0 objects not considered by GC, pre-allocating 0 bytes for permanent pool.
LogConfig: Applying CVar settings from Section [/Script/Engine.StreamingSettings] File [C:/Users/ctlen/Documents/GitHub/ProjectNova/Saved/Config/Windows/Engine.ini]
LogConfig: Setting CVar [[s.MinBulkDataSizeForAsyncLoading:131072]]
LogConfig: Setting CVar [[s.AsyncLoadingThreadEnabled:0]]
LogConfig: Setting CVar [[s.EventDrivenLoaderEnabled:1]]
LogConfig: Setting CVar [[s.WarnIfTimeLimitExceeded:0]]
LogConfig: Setting CVar [[s.TimeLimitExceededMultiplier:1.5]]
LogConfig: Setting CVar [[s.TimeLimitExceededMinTime:0.005]]
LogConfig: Setting CVar [[s.UseBackgroundLevelStreaming:1]]
LogConfig: Setting CVar [[s.PriorityAsyncLoadingExtraTime:15.0]]
LogConfig: Setting CVar [[s.LevelStreamingActorsUpdateTimeLimit:5.0]]
LogConfig: Setting CVar [[s.PriorityLevelStreamingActorsUpdateExtraTime:5.0]]
LogConfig: Setting CVar [[s.LevelStreamingComponentsRegistrationGranularity:10]]
LogConfig: Setting CVar [[s.UnregisterComponentsTimeLimit:1.0]]
LogConfig: Setting CVar [[s.LevelStreamingComponentsUnregistrationGranularity:5]]
LogConfig: Setting CVar [[s.FlushStreamingOnExit:1]]
LogInit: Object subsystem initialized
LogConfig: Setting CVar [[con.DebugEarlyDefault:1]]
LogConfig: Setting CVar [[r.setres:1280x720]]
[2021.03.10-02.48.21:822][  0]LogConfig: Setting CVar [[r.VSync:0]]
[2021.03.10-02.48.21:822][  0]LogConfig: Setting CVar [[r.RHICmdBypass:0]]
[2021.03.10-02.48.21:823][  0]LogConfig: Applying CVar settings from Section [/Script/Engine.RendererSettings] File [C:/Users/ctlen/Documents/GitHub/ProjectNova/Saved/Config/Windows/Engine.ini]
[2021.03.10-02.48.21:823][  0]LogConfig: Setting CVar [[r.GPUCrashDebugging:0]]
[2021.03.10-02.48.21:823][  0]LogConfig: Applying CVar settings from Section [/Script/Engine.RendererOverrideSettings] File [C:/Users/ctlen/Documents/GitHub/ProjectNova/Saved/Config/Windows/Engine.ini]
[2021.03.10-02.48.21:823][  0]LogConfig: Applying CVar settings from Section [/Script/Engine.StreamingSettings] File [C:/Users/ctlen/Documents/GitHub/ProjectNova/Saved/Config/Windows/Engine.ini]
[2021.03.10-02.48.21:823][  0]LogConfig: Setting CVar [[s.MinBulkDataSizeForAsyncLoading:131072]]
[2021.03.10-02.48.21:823][  0]LogConfig: Setting CVar [[s.AsyncLoadingThreadEnabled:0]]
[2021.03.10-02.48.21:823][  0]LogConfig: Setting CVar [[s.EventDrivenLoaderEnabled:1]]
[2021.03.10-02.48.21:823][  0]LogConfig: Setting CVar [[s.WarnIfTimeLimitExceeded:0]]
[2021.03.10-02.48.21:823][  0]LogConfig: Setting CVar [[s.TimeLimitExceededMultiplier:1.5]]
[2021.03.10-02.48.21:823][  0]LogConfig: Setting CVar [[s.TimeLimitExceededMinTime:0.005]]
[2021.03.10-02.48.21:823][  0]LogConfig: Setting CVar [[s.UseBackgroundLevelStreaming:1]]
[2021.03.10-02.48.21:823][  0]LogConfig: Setting CVar [[s.PriorityAsyncLoadingExtraTime:15.0]]
[2021.03.10-02.48.21:823][  0]LogConfig: Setting CVar [[s.LevelStreamingActorsUpdateTimeLimit:5.0]]
[2021.03.10-02.48.21:823][  0]LogConfig: Setting CVar [[s.PriorityLevelStreamingActorsUpdateExtraTime:5.0]]
[2021.03.10-02.48.21:823][  0]LogConfig: Setting CVar [[s.LevelStreamingComponentsRegistrationGranularity:10]]
[2021.03.10-02.48.21:823][  0]LogConfig: Setting CVar [[s.UnregisterComponentsTimeLimit:1.0]]
[2021.03.10-02.48.21:823][  0]LogConfig: Setting CVar [[s.LevelStreamingComponentsUnregistrationGranularity:5]]
[2021.03.10-02.48.21:823][  0]LogConfig: Setting CVar [[s.FlushStreamingOnExit:1]]
[2021.03.10-02.48.21:823][  0]LogConfig: Applying CVar settings from Section [/Script/Engine.GarbageCollectionSettings] File [C:/Users/ctlen/Documents/GitHub/ProjectNova/Saved/Config/Windows/Engine.ini]
[2021.03.10-02.48.21:823][  0]LogConfig: Setting CVar [[gc.MaxObjectsNotConsideredByGC:1]]
[2021.03.10-02.48.21:823][  0]LogConfig: Setting CVar [[gc.SizeOfPermanentObjectPool:0]]
[2021.03.10-02.48.21:823][  0]LogConfig: Setting CVar [[gc.FlushStreamingOnGC:0]]
[2021.03.10-02.48.21:823][  0]LogConfig: Setting CVar [[gc.NumRetriesBeforeForcingGC:10]]
[2021.03.10-02.48.21:823][  0]LogConfig: Setting CVar [[gc.AllowParallelGC:1]]
[2021.03.10-02.48.21:823][  0]LogConfig: Setting CVar [[gc.TimeBetweenPurgingPendingKillObjects:61.1]]
[2021.03.10-02.48.21:823][  0]LogConfig: Setting CVar [[gc.MaxObjectsInEditor:25165824]]
[2021.03.10-02.48.21:823][  0]LogConfig: Setting CVar [[gc.IncrementalBeginDestroyEnabled:1]]
[2021.03.10-02.48.21:823][  0]LogConfig: Setting CVar [[gc.CreateGCClusters:1]]
[2021.03.10-02.48.21:823][  0]LogConfig: Setting CVar [[gc.MinGCClusterSize:5]]
[2021.03.10-02.48.21:823][  0]LogConfig: Setting CVar [[gc.ActorClusteringEnabled:0]]
[2021.03.10-02.48.21:823][  0]LogConfig: Setting CVar [[gc.BlueprintClusteringEnabled:0]]
[2021.03.10-02.48.21:823][  0]LogConfig: Setting CVar [[gc.UseDisregardForGCOnDedicatedServers:0]]
[2021.03.10-02.48.21:823][  0]LogConfig: Applying CVar settings from Section [/Script/Engine.NetworkSettings] File [C:/Users/ctlen/Documents/GitHub/ProjectNova/Saved/Config/Windows/Engine.ini]
[2021.03.10-02.48.21:823][  0]LogConfig: Applying CVar settings from Section [/Script/UnrealEd.CookerSettings] File [C:/Users/ctlen/Documents/GitHub/ProjectNova/Saved/Config/Windows/Engine.ini]
[2021.03.10-02.48.21:828][  0]LogConfig: Applying CVar settings from Section [ViewDistanceQuality@3] File [C:/Users/ctlen/Documents/GitHub/ProjectNova/Saved/Config/Windows/Scalability.ini]
[2021.03.10-02.48.21:828][  0]LogConfig: Setting CVar [[r.SkeletalMeshLODBias:0]]
[2021.03.10-02.48.21:828][  0]LogConfig: Setting CVar [[r.ViewDistanceScale:1.0]]
[2021.03.10-02.48.21:828][  0]LogConfig: Applying CVar settings from Section [AntiAliasingQuality@3] File [C:/Users/ctlen/Documents/GitHub/ProjectNova/Saved/Config/Windows/Scalability.ini]
[2021.03.10-02.48.21:828][  0]LogConfig: Setting CVar [[r.PostProcessAAQuality:4]]
[2021.03.10-02.48.21:828][  0]LogConfig: Applying CVar settings from Section [ShadowQuality@3] File [C:/Users/ctlen/Documents/GitHub/ProjectNova/Saved/Config/Windows/Scalability.ini]
[2021.03.10-02.48.21:828][  0]LogConfig: Setting CVar [[r.LightFunctionQuality:1]]
[2021.03.10-02.48.21:828][  0]LogConfig: Setting CVar [[r.ShadowQuality:5]]
[2021.03.10-02.48.21:828][  0]LogConfig: Setting CVar [[r.Shadow.CSM.MaxCascades:10]]
[2021.03.10-02.48.21:828][  0]LogConfig: Setting CVar [[r.Shadow.MaxResolution:2048]]
[2021.03.10-02.48.21:828][  0]LogConfig: Setting CVar [[r.Shadow.MaxCSMResolution:2048]]
[2021.03.10-02.48.21:828][  0]LogConfig: Setting CVar [[r.Shadow.RadiusThreshold:0.01]]
[2021.03.10-02.48.21:828][  0]LogConfig: Setting CVar [[r.Shadow.DistanceScale:1.0]]
[2021.03.10-02.48.21:828][  0]LogConfig: Setting CVar [[r.Shadow.CSM.TransitionScale:1.0]]
[2021.03.10-02.48.21:828][  0]LogConfig: Setting CVar [[r.Shadow.PreShadowResolutionFactor:1.0]]
[2021.03.10-02.48.21:828][  0]LogConfig: Setting CVar [[r.DistanceFieldShadowing:1]]
[2021.03.10-02.48.21:828][  0]LogConfig: Setting CVar [[r.DistanceFieldAO:1]]
[2021.03.10-02.48.21:828][  0]LogConfig: Setting CVar [[r.AOQuality:2]]
[2021.03.10-02.48.21:828][  0]LogConfig: Setting CVar [[r.VolumetricFog:1]]
[2021.03.10-02.48.21:828][  0]LogConfig: Setting CVar [[r.VolumetricFog.GridPixelSize:8]]
[2021.03.10-02.48.21:828][  0]LogConfig: Setting CVar [[r.VolumetricFog.GridSizeZ:128]]
[2021.03.10-02.48.21:828][  0]LogConfig: Setting CVar [[r.VolumetricFog.HistoryMissSupersampleCount:4]]
[2021.03.10-02.48.21:828][  0]LogConfig: Setting CVar [[r.LightMaxDrawDistanceScale:1]]
[2021.03.10-02.48.21:828][  0]LogConfig: Setting CVar [[r.CapsuleShadows:1]]
[2021.03.10-02.48.21:828][  0]LogConfig: Applying CVar settings from Section [PostProcessQuality@3] File [C:/Users/ctlen/Documents/GitHub/ProjectNova/Saved/Config/Windows/Scalability.ini]
[2021.03.10-02.48.21:828][  0]LogConfig: Setting CVar [[r.MotionBlurQuality:4]]
[2021.03.10-02.48.21:828][  0]LogConfig: Setting CVar [[r.AmbientOcclusionMipLevelFactor:0.4]]
[2021.03.10-02.48.21:828][  0]LogConfig: Setting CVar [[r.AmbientOcclusionMaxQuality:100]]
[2021.03.10-02.48.21:828][  0]LogConfig: Setting CVar [[r.AmbientOcclusionLevels:-1]]
[2021.03.10-02.48.21:828][  0]LogConfig: Setting CVar [[r.AmbientOcclusionRadiusScale:1.0]]
[2021.03.10-02.48.21:828][  0]LogConfig: Setting CVar [[r.DepthOfFieldQuality:2]]
[2021.03.10-02.48.21:828][  0]LogConfig: Setting CVar [[r.RenderTargetPoolMin:400]]
[2021.03.10-02.48.21:828][  0]LogConfig: Setting CVar [[r.LensFlareQuality:2]]
[2021.03.10-02.48.21:828][  0]LogConfig: Setting CVar [[r.SceneColorFringeQuality:1]]
[2021.03.10-02.48.21:828][  0]LogConfig: Setting CVar [[r.EyeAdaptationQuality:2]]
[2021.03.10-02.48.21:828][  0]LogConfig: Setting CVar [[r.BloomQuality:5]]
[2021.03.10-02.48.21:828][  0]LogConfig: Setting CVar [[r.FastBlurThreshold:100]]
[2021.03.10-02.48.21:828][  0]LogConfig: Setting CVar [[r.Upscale.Quality:3]]
[2021.03.10-02.48.21:828][  0]LogConfig: Setting CVar [[r.Tonemapper.GrainQuantization:1]]
[2021.03.10-02.48.21:828][  0]LogConfig: Setting CVar [[r.LightShaftQuality:1]]
[2021.03.10-02.48.21:828][  0]LogConfig: Setting CVar [[r.Filter.SizeScale:1]]
[2021.03.10-02.48.21:828][  0]LogConfig: Setting CVar [[r.Tonemapper.Quality:5]]
[2021.03.10-02.48.21:828][  0]LogConfig: Setting CVar [[r.DOF.Gather.AccumulatorQuality:1        ; higher gathering accumulator quality]]
[2021.03.10-02.48.21:828][  0]LogConfig: Setting CVar [[r.DOF.Gather.PostfilterMethod:1          ; Median3x3 postfilering method]]
[2021.03.10-02.48.21:828][  0]LogConfig: Setting CVar [[r.DOF.Gather.EnableBokehSettings:0       ; no bokeh simulation when gathering]]
[2021.03.10-02.48.21:828][  0]LogConfig: Setting CVar [[r.DOF.Gather.RingCount:4                 ; medium number of samples when gathering]]
[2021.03.10-02.48.21:828][  0]LogConfig: Setting CVar [[r.DOF.Scatter.ForegroundCompositing:1    ; additive foreground scattering]]
[2021.03.10-02.48.21:828][  0]LogConfig: Setting CVar [[r.DOF.Scatter.BackgroundCompositing:2    ; additive background scattering]]
[2021.03.10-02.48.21:828][  0]LogConfig: Setting CVar [[r.DOF.Scatter.EnableBokehSettings:1      ; bokeh simulation when scattering]]
[2021.03.10-02.48.21:828][  0]LogConfig: Setting CVar [[r.DOF.Scatter.MaxSpriteRatio:0.1         ; only a maximum of 10% of scattered bokeh]]
[2021.03.10-02.48.21:828][  0]LogConfig: Setting CVar [[r.DOF.Recombine.Quality:1                ; cheap slight out of focus]]
[2021.03.10-02.48.21:828][  0]LogConfig: Setting CVar [[r.DOF.Recombine.EnableBokehSettings:0    ; no bokeh simulation on slight out of focus]]
[2021.03.10-02.48.21:828][  0]LogConfig: Setting CVar [[r.DOF.TemporalAAQuality:1                ; more stable temporal accumulation]]
[2021.03.10-02.48.21:828][  0]LogConfig: Setting CVar [[r.DOF.Kernel.MaxForegroundRadius:0.025]]
[2021.03.10-02.48.21:828][  0]LogConfig: Setting CVar [[r.DOF.Kernel.MaxBackgroundRadius:0.025]]
[2021.03.10-02.48.21:828][  0]LogConfig: Applying CVar settings from Section [TextureQuality@3] File [C:/Users/ctlen/Documents/GitHub/ProjectNova/Saved/Config/Windows/Scalability.ini]
[2021.03.10-02.48.21:828][  0]LogConfig: Setting CVar [[r.Streaming.MipBias:0]]
[2021.03.10-02.48.21:828][  0]LogConfig: Setting CVar [[r.Streaming.AmortizeCPUToGPUCopy:0]]
[2021.03.10-02.48.21:828][  0]LogConfig: Setting CVar [[r.Streaming.MaxNumTexturesToStreamPerFrame:0]]
[2021.03.10-02.48.21:828][  0]LogConfig: Setting CVar [[r.Streaming.Boost:1]]
[2021.03.10-02.48.21:828][  0]LogConfig: Setting CVar [[r.MaxAnisotropy:8]]
[2021.03.10-02.48.21:828][  0]LogConfig: Setting CVar [[r.VT.MaxAnisotropy:8]]
[2021.03.10-02.48.21:828][  0]LogConfig: Setting CVar [[r.Streaming.LimitPoolSizeToVRAM:0]]
[2021.03.10-02.48.21:828][  0]LogConfig: Setting CVar [[r.Streaming.PoolSize:1000]]
[2021.03.10-02.48.21:828][  0]LogConfig: Setting CVar [[r.Streaming.MaxEffectiveScreenSize:0]]
[2021.03.10-02.48.21:829][  0]LogConfig: Applying CVar settings from Section [EffectsQuality@3] File [C:/Users/ctlen/Documents/GitHub/ProjectNova/Saved/Config/Windows/Scalability.ini]
[2021.03.10-02.48.21:829][  0]LogConfig: Setting CVar [[r.TranslucencyLightingVolumeDim:64]]
[2021.03.10-02.48.21:829][  0]LogConfig: Setting CVar [[r.RefractionQuality:2]]
[2021.03.10-02.48.21:829][  0]LogConfig: Setting CVar [[r.SSR.Quality:3]]
[2021.03.10-02.48.21:829][  0]LogConfig: Setting CVar [[r.SSR.HalfResSceneColor:0]]
[2021.03.10-02.48.21:829][  0]LogConfig: Setting CVar [[r.SceneColorFormat:4]]
[2021.03.10-02.48.21:829][  0]LogConfig: Setting CVar [[r.DetailMode:2]]
[2021.03.10-02.48.21:829][  0]LogConfig: Setting CVar [[r.TranslucencyVolumeBlur:1]]
[2021.03.10-02.48.21:829][  0]LogConfig: Setting CVar [[r.MaterialQualityLevel:1 ; High quality]]
[2021.03.10-02.48.21:829][  0]LogConfig: Setting CVar [[r.SSS.Scale:1]]
[2021.03.10-02.48.21:829][  0]LogConfig: Setting CVar [[r.SSS.SampleSet:2]]
[2021.03.10-02.48.21:829][  0]LogConfig: Setting CVar [[r.SSS.Quality:1]]
[2021.03.10-02.48.21:829][  0]LogConfig: Setting CVar [[r.SSS.HalfRes:0]]
[2021.03.10-02.48.21:829][  0]LogConfig: Setting CVar [[r.SSGI.Quality:3]]
[2021.03.10-02.48.21:829][  0]LogConfig: Setting CVar [[r.EmitterSpawnRateScale:1.0]]
[2021.03.10-02.48.21:829][  0]LogConfig: Setting CVar [[r.ParticleLightQuality:2]]
[2021.03.10-02.48.21:829][  0]LogConfig: Setting CVar [[r.SkyAtmosphere.AerialPerspectiveLUT.FastApplyOnOpaque:1 ; Always have FastSkyLUT 1 in this case to avoid wrong sky]]
[2021.03.10-02.48.21:829][  0]LogConfig: Setting CVar [[r.SkyAtmosphere.AerialPerspectiveLUT.SampleCountPerSlice:1]]
[2021.03.10-02.48.21:829][  0]LogConfig: Setting CVar [[r.SkyAtmosphere.AerialPerspectiveLUT.DepthResolution:16.0]]
[2021.03.10-02.48.21:829][  0]LogConfig: Setting CVar [[r.SkyAtmosphere.FastSkyLUT:1]]
[2021.03.10-02.48.21:829][  0]LogConfig: Setting CVar [[r.SkyAtmosphere.FastSkyLUT.SampleCountMin:4.0]]
[2021.03.10-02.48.21:829][  0]LogConfig: Setting CVar [[r.SkyAtmosphere.FastSkyLUT.SampleCountMax:32.0]]
[2021.03.10-02.48.21:829][  0]LogConfig: Setting CVar [[r.SkyAtmosphere.SampleCountMin:4.0]]
[2021.03.10-02.48.21:829][  0]LogConfig: Setting CVar [[r.SkyAtmosphere.SampleCountMax:32.0]]
[2021.03.10-02.48.21:829][  0]LogConfig: Setting CVar [[r.SkyAtmosphere.TransmittanceLUT.UseSmallFormat:0]]
[2021.03.10-02.48.21:829][  0]LogConfig: Setting CVar [[r.SkyAtmosphere.TransmittanceLUT.SampleCount:10.0]]
[2021.03.10-02.48.21:829][  0]LogConfig: Setting CVar [[r.SkyAtmosphere.MultiScatteringLUT.SampleCount:15.0]]
[2021.03.10-02.48.21:829][  0]LogConfig: Applying CVar settings from Section [FoliageQuality@3] File [C:/Users/ctlen/Documents/GitHub/ProjectNova/Saved/Config/Windows/Scalability.ini]
[2021.03.10-02.48.21:829][  0]LogConfig: Setting CVar [[foliage.DensityScale:1.0]]
[2021.03.10-02.48.21:829][  0]LogConfig: Setting CVar [[grass.DensityScale:1.0]]
[2021.03.10-02.48.21:829][  0]LogConfig: Applying CVar settings from Section [ShadingQuality@3] File [C:/Users/ctlen/Documents/GitHub/ProjectNova/Saved/Config/Windows/Scalability.ini]
[2021.03.10-02.48.21:829][  0]LogConfig: Setting CVar [[r.HairStrands.SkyLighting.SampleCount:16]]
[2021.03.10-02.48.21:829][  0]LogConfig: Setting CVar [[r.HairStrands.SkyLighting.JitterIntegration:0]]
[2021.03.10-02.48.21:829][  0]LogConfig: Setting CVar [[r.HairStrands.SkyAO.SampleCount:16]]
[2021.03.10-02.48.21:829][  0]LogConfig: Setting CVar [[r.HairStrands.DeepShadow.SuperSampling:0]]
[2021.03.10-02.48.21:829][  0]LogConfig: Setting CVar [[r.HairStrands.VisibilityPPLL:0]]
[2021.03.10-02.48.21:829][  0]LogConfig: Setting CVar [[r.HairStrands.RasterizationScale:0.5]]
[2021.03.10-02.48.21:829][  0]LogConfig: Setting CVar [[r.HairStrands.VelocityRasterizationScale:1]]
[2021.03.10-02.48.21:829][  0]LogInit: Selected Device Profile: [Windows]
[2021.03.10-02.48.21:829][  0]LogInit: Applying CVar settings loaded from the selected device profile: [Windows]
[2021.03.10-02.48.21:830][  0]LogHAL: Display: Platform has ~ 16 GB [17137545216 / 17179869184 / 16], which maps to Larger [LargestMinGB=32, LargerMinGB=12, DefaultMinGB=8, SmallerMinGB=6, SmallestMinGB=0)
[2021.03.10-02.48.21:830][  0]LogInit: Going up to parent DeviceProfile []
[2021.03.10-02.48.21:830][  0]LogConfig: Applying CVar settings from Section [ViewDistanceQuality@3] File [C:/Users/ctlen/Documents/GitHub/ProjectNova/Saved/Config/Windows/Scalability.ini]
[2021.03.10-02.48.21:830][  0]LogConfig: Setting CVar [[r.SkeletalMeshLODBias:0]]
[2021.03.10-02.48.21:830][  0]LogConfig: Setting CVar [[r.ViewDistanceScale:1.0]]
[2021.03.10-02.48.21:830][  0]LogConfig: Applying CVar settings from Section [AntiAliasingQuality@3] File [C:/Users/ctlen/Documents/GitHub/ProjectNova/Saved/Config/Windows/Scalability.ini]
[2021.03.10-02.48.21:830][  0]LogConfig: Setting CVar [[r.PostProcessAAQuality:4]]
[2021.03.10-02.48.21:830][  0]LogConfig: Applying CVar settings from Section [ShadowQuality@3] File [C:/Users/ctlen/Documents/GitHub/ProjectNova/Saved/Config/Windows/Scalability.ini]
[2021.03.10-02.48.21:830][  0]LogConfig: Setting CVar [[r.LightFunctionQuality:1]]
[2021.03.10-02.48.21:830][  0]LogConfig: Setting CVar [[r.ShadowQuality:5]]
[2021.03.10-02.48.21:830][  0]LogConfig: Setting CVar [[r.Shadow.CSM.MaxCascades:10]]
[2021.03.10-02.48.21:830][  0]LogConfig: Setting CVar [[r.Shadow.MaxResolution:2048]]
[2021.03.10-02.48.21:830][  0]LogConfig: Setting CVar [[r.Shadow.MaxCSMResolution:2048]]
[2021.03.10-02.48.21:830][  0]LogConfig: Setting CVar [[r.Shadow.RadiusThreshold:0.01]]
[2021.03.10-02.48.21:830][  0]LogConfig: Setting CVar [[r.Shadow.DistanceScale:1.0]]
[2021.03.10-02.48.21:830][  0]LogConfig: Setting CVar [[r.Shadow.CSM.TransitionScale:1.0]]
[2021.03.10-02.48.21:830][  0]LogConfig: Setting CVar [[r.Shadow.PreShadowResolutionFactor:1.0]]
[2021.03.10-02.48.21:831][  0]LogConfig: Setting CVar [[r.DistanceFieldShadowing:1]]
[2021.03.10-02.48.21:831][  0]LogConfig: Setting CVar [[r.DistanceFieldAO:1]]
[2021.03.10-02.48.21:831][  0]LogConfig: Setting CVar [[r.AOQuality:2]]
[2021.03.10-02.48.21:831][  0]LogConfig: Setting CVar [[r.VolumetricFog:1]]
[2021.03.10-02.48.21:831][  0]LogConfig: Setting CVar [[r.VolumetricFog.GridPixelSize:8]]
[2021.03.10-02.48.21:831][  0]LogConfig: Setting CVar [[r.VolumetricFog.GridSizeZ:128]]
[2021.03.10-02.48.21:831][  0]LogConfig: Setting CVar [[r.VolumetricFog.HistoryMissSupersampleCount:4]]
[2021.03.10-02.48.21:831][  0]LogConfig: Setting CVar [[r.LightMaxDrawDistanceScale:1]]
[2021.03.10-02.48.21:831][  0]LogConfig: Setting CVar [[r.CapsuleShadows:1]]
[2021.03.10-02.48.21:831][  0]LogConfig: Applying CVar settings from Section [PostProcessQuality@3] File [C:/Users/ctlen/Documents/GitHub/ProjectNova/Saved/Config/Windows/Scalability.ini]
[2021.03.10-02.48.21:831][  0]LogConfig: Setting CVar [[r.MotionBlurQuality:4]]
[2021.03.10-02.48.21:831][  0]LogConfig: Setting CVar [[r.AmbientOcclusionMipLevelFactor:0.4]]
[2021.03.10-02.48.21:831][  0]LogConfig: Setting CVar [[r.AmbientOcclusionMaxQuality:100]]
[2021.03.10-02.48.21:831][  0]LogConfig: Setting CVar [[r.AmbientOcclusionLevels:-1]]
[2021.03.10-02.48.21:831][  0]LogConfig: Setting CVar [[r.AmbientOcclusionRadiusScale:1.0]]
[2021.03.10-02.48.21:831][  0]LogConfig: Setting CVar [[r.DepthOfFieldQuality:2]]
[2021.03.10-02.48.21:831][  0]LogConfig: Setting CVar [[r.RenderTargetPoolMin:400]]
[2021.03.10-02.48.21:831][  0]LogConfig: Setting CVar [[r.LensFlareQuality:2]]
[2021.03.10-02.48.21:831][  0]LogConfig: Setting CVar [[r.SceneColorFringeQuality:1]]
[2021.03.10-02.48.21:831][  0]LogConfig: Setting CVar [[r.EyeAdaptationQuality:2]]
[2021.03.10-02.48.21:831][  0]LogConfig: Setting CVar [[r.BloomQuality:5]]
[2021.03.10-02.48.21:831][  0]LogConfig: Setting CVar [[r.FastBlurThreshold:100]]
[2021.03.10-02.48.21:831][  0]LogConfig: Setting CVar [[r.Upscale.Quality:3]]
[2021.03.10-02.48.21:831][  0]LogConfig: Setting CVar [[r.Tonemapper.GrainQuantization:1]]
[2021.03.10-02.48.21:831][  0]LogConfig: Setting CVar [[r.LightShaftQuality:1]]
[2021.03.10-02.48.21:831][  0]LogConfig: Setting CVar [[r.Filter.SizeScale:1]]
[2021.03.10-02.48.21:831][  0]LogConfig: Setting CVar [[r.Tonemapper.Quality:5]]
[2021.03.10-02.48.21:831][  0]LogConfig: Setting CVar [[r.DOF.Gather.AccumulatorQuality:1        ; higher gathering accumulator quality]]
[2021.03.10-02.48.21:831][  0]LogConfig: Setting CVar [[r.DOF.Gather.PostfilterMethod:1          ; Median3x3 postfilering method]]
[2021.03.10-02.48.21:831][  0]LogConfig: Setting CVar [[r.DOF.Gather.EnableBokehSettings:0       ; no bokeh simulation when gathering]]
[2021.03.10-02.48.21:831][  0]LogConfig: Setting CVar [[r.DOF.Gather.RingCount:4                 ; medium number of samples when gathering]]
[2021.03.10-02.48.21:831][  0]LogConfig: Setting CVar [[r.DOF.Scatter.ForegroundCompositing:1    ; additive foreground scattering]]
[2021.03.10-02.48.21:831][  0]LogConfig: Setting CVar [[r.DOF.Scatter.BackgroundCompositing:2    ; additive background scattering]]
[2021.03.10-02.48.21:831][  0]LogConfig: Setting CVar [[r.DOF.Scatter.EnableBokehSettings:1      ; bokeh simulation when scattering]]
[2021.03.10-02.48.21:831][  0]LogConfig: Setting CVar [[r.DOF.Scatter.MaxSpriteRatio:0.1         ; only a maximum of 10% of scattered bokeh]]
[2021.03.10-02.48.21:831][  0]LogConfig: Setting CVar [[r.DOF.Recombine.Quality:1                ; cheap slight out of focus]]
[2021.03.10-02.48.21:831][  0]LogConfig: Setting CVar [[r.DOF.Recombine.EnableBokehSettings:0    ; no bokeh simulation on slight out of focus]]
[2021.03.10-02.48.21:831][  0]LogConfig: Setting CVar [[r.DOF.TemporalAAQuality:1                ; more stable temporal accumulation]]
[2021.03.10-02.48.21:831][  0]LogConfig: Setting CVar [[r.DOF.Kernel.MaxForegroundRadius:0.025]]
[2021.03.10-02.48.21:831][  0]LogConfig: Setting CVar [[r.DOF.Kernel.MaxBackgroundRadius:0.025]]
[2021.03.10-02.48.21:831][  0]LogConfig: Applying CVar settings from Section [TextureQuality@3] File [C:/Users/ctlen/Documents/GitHub/ProjectNova/Saved/Config/Windows/Scalability.ini]
[2021.03.10-02.48.21:831][  0]LogConfig: Setting CVar [[r.Streaming.MipBias:0]]
[2021.03.10-02.48.21:831][  0]LogConfig: Setting CVar [[r.Streaming.AmortizeCPUToGPUCopy:0]]
[2021.03.10-02.48.21:831][  0]LogConfig: Setting CVar [[r.Streaming.MaxNumTexturesToStreamPerFrame:0]]
[2021.03.10-02.48.21:831][  0]LogConfig: Setting CVar [[r.Streaming.Boost:1]]
[2021.03.10-02.48.21:831][  0]LogConfig: Setting CVar [[r.MaxAnisotropy:8]]
[2021.03.10-02.48.21:831][  0]LogConfig: Setting CVar [[r.VT.MaxAnisotropy:8]]
[2021.03.10-02.48.21:831][  0]LogConfig: Setting CVar [[r.Streaming.LimitPoolSizeToVRAM:0]]
[2021.03.10-02.48.21:831][  0]LogConfig: Setting CVar [[r.Streaming.PoolSize:1000]]
[2021.03.10-02.48.21:831][  0]LogConfig: Setting CVar [[r.Streaming.MaxEffectiveScreenSize:0]]
[2021.03.10-02.48.21:831][  0]LogConfig: Applying CVar settings from Section [EffectsQuality@3] File [C:/Users/ctlen/Documents/GitHub/ProjectNova/Saved/Config/Windows/Scalability.ini]
[2021.03.10-02.48.21:831][  0]LogConfig: Setting CVar [[r.TranslucencyLightingVolumeDim:64]]
[2021.03.10-02.48.21:831][  0]LogConfig: Setting CVar [[r.RefractionQuality:2]]
[2021.03.10-02.48.21:831][  0]LogConfig: Setting CVar [[r.SSR.Quality:3]]
[2021.03.10-02.48.21:831][  0]LogConfig: Setting CVar [[r.SSR.HalfResSceneColor:0]]
[2021.03.10-02.48.21:831][  0]LogConfig: Setting CVar [[r.SceneColorFormat:4]]
[2021.03.10-02.48.21:831][  0]LogConfig: Setting CVar [[r.DetailMode:2]]
[2021.03.10-02.48.21:831][  0]LogConfig: Setting CVar [[r.TranslucencyVolumeBlur:1]]
[2021.03.10-02.48.21:831][  0]LogConfig: Setting CVar [[r.MaterialQualityLevel:1 ; High quality]]
[2021.03.10-02.48.21:831][  0]LogConfig: Setting CVar [[r.SSS.Scale:1]]
[2021.03.10-02.48.21:831][  0]LogConfig: Setting CVar [[r.SSS.SampleSet:2]]
[2021.03.10-02.48.21:831][  0]LogConfig: Setting CVar [[r.SSS.Quality:1]]
[2021.03.10-02.48.21:831][  0]LogConfig: Setting CVar [[r.SSS.HalfRes:0]]
[2021.03.10-02.48.21:831][  0]LogConfig: Setting CVar [[r.SSGI.Quality:3]]
[2021.03.10-02.48.21:831][  0]LogConfig: Setting CVar [[r.EmitterSpawnRateScale:1.0]]
[2021.03.10-02.48.21:831][  0]LogConfig: Setting CVar [[r.ParticleLightQuality:2]]
[2021.03.10-02.48.21:831][  0]LogConfig: Setting CVar [[r.SkyAtmosphere.AerialPerspectiveLUT.FastApplyOnOpaque:1 ; Always have FastSkyLUT 1 in this case to avoid wrong sky]]
[2021.03.10-02.48.21:831][  0]LogConfig: Setting CVar [[r.SkyAtmosphere.AerialPerspectiveLUT.SampleCountPerSlice:1]]
[2021.03.10-02.48.21:831][  0]LogConfig: Setting CVar [[r.SkyAtmosphere.AerialPerspectiveLUT.DepthResolution:16.0]]
[2021.03.10-02.48.21:831][  0]LogConfig: Setting CVar [[r.SkyAtmosphere.FastSkyLUT:1]]
[2021.03.10-02.48.21:831][  0]LogConfig: Setting CVar [[r.SkyAtmosphere.FastSkyLUT.SampleCountMin:4.0]]
[2021.03.10-02.48.21:831][  0]LogConfig: Setting CVar [[r.SkyAtmosphere.FastSkyLUT.SampleCountMax:32.0]]
[2021.03.10-02.48.21:831][  0]LogConfig: Setting CVar [[r.SkyAtmosphere.SampleCountMin:4.0]]
[2021.03.10-02.48.21:831][  0]LogConfig: Setting CVar [[r.SkyAtmosphere.SampleCountMax:32.0]]
[2021.03.10-02.48.21:831][  0]LogConfig: Setting CVar [[r.SkyAtmosphere.TransmittanceLUT.UseSmallFormat:0]]
[2021.03.10-02.48.21:831][  0]LogConfig: Setting CVar [[r.SkyAtmosphere.TransmittanceLUT.SampleCount:10.0]]
[2021.03.10-02.48.21:831][  0]LogConfig: Setting CVar [[r.SkyAtmosphere.MultiScatteringLUT.SampleCount:15.0]]
[2021.03.10-02.48.21:831][  0]LogConfig: Applying CVar settings from Section [FoliageQuality@3] File [C:/Users/ctlen/Documents/GitHub/ProjectNova/Saved/Config/Windows/Scalability.ini]
[2021.03.10-02.48.21:831][  0]LogConfig: Setting CVar [[foliage.DensityScale:1.0]]
[2021.03.10-02.48.21:831][  0]LogConfig: Setting CVar [[grass.DensityScale:1.0]]
[2021.03.10-02.48.21:831][  0]LogConfig: Applying CVar settings from Section [ShadingQuality@3] File [C:/Users/ctlen/Documents/GitHub/ProjectNova/Saved/Config/Windows/Scalability.ini]
[2021.03.10-02.48.21:831][  0]LogConfig: Setting CVar [[r.HairStrands.SkyLighting.SampleCount:16]]
[2021.03.10-02.48.21:831][  0]LogConfig: Setting CVar [[r.HairStrands.SkyLighting.JitterIntegration:0]]
[2021.03.10-02.48.21:831][  0]LogConfig: Setting CVar [[r.HairStrands.SkyAO.SampleCount:16]]
[2021.03.10-02.48.21:831][  0]LogConfig: Setting CVar [[r.HairStrands.DeepShadow.SuperSampling:0]]
[2021.03.10-02.48.21:831][  0]LogConfig: Setting CVar [[r.HairStrands.VisibilityPPLL:0]]
[2021.03.10-02.48.21:832][  0]LogConfig: Setting CVar [[r.HairStrands.RasterizationScale:0.5]]
[2021.03.10-02.48.21:832][  0]LogConfig: Setting CVar [[r.HairStrands.VelocityRasterizationScale:1]]
[2021.03.10-02.48.21:832][  0]LogConfig: Applying CVar settings from Section [Startup] File [../../../Engine/Config/ConsoleVariables.ini]
[2021.03.10-02.48.21:834][  0]LogConfig: Setting CVar [[net.UseAdaptiveNetUpdateFrequency:0]]
[2021.03.10-02.48.21:834][  0]LogConfig: Setting CVar [[p.chaos.AllowCreatePhysxBodies:1]]
[2021.03.10-02.48.21:834][  0]LogConfig: Setting CVar [[fx.SkipVectorVMBackendOptimizations:1]]
[2021.03.10-02.48.21:834][  0]LogConfig: Applying CVar settings from Section [ConsoleVariables] File [C:/Users/ctlen/Documents/GitHub/ProjectNova/Saved/Config/Windows/Engine.ini]
[2021.03.10-02.48.21:835][  0]LogInit: Computer: ORIGIN
[2021.03.10-02.48.21:835][  0]LogInit: User: ctlen
[2021.03.10-02.48.21:835][  0]LogInit: CPU Page size=4096, Cores=4
[2021.03.10-02.48.21:835][  0]LogInit: High frequency timer resolution =10.000000 MHz
[2021.03.10-02.48.21:835][  0]LogMemory: Memory total: Physical=16.0GB (16GB approx)
[2021.03.10-02.48.21:835][  0]LogMemory: Platform Memory Stats for Windows
[2021.03.10-02.48.21:835][  0]LogMemory: Process Physical Memory: 115.87 MB used, 115.88 MB peak
[2021.03.10-02.48.21:835][  0]LogMemory: Process Virtual Memory: 96.01 MB used, 96.01 MB peak
[2021.03.10-02.48.21:835][  0]LogMemory: Physical Memory: 9943.90 MB used,  6399.74 MB free, 16343.64 MB total
[2021.03.10-02.48.21:835][  0]LogMemory: Virtual Memory: 5144.92 MB used,  134212584.00 MB free, 134217728.00 MB total
[2021.03.10-02.48.21:843][  0]LogWindows: WindowsPlatformFeatures enabled
[2021.03.10-02.48.22:002][  0]LogInit: Physics initialised using underlying interface: PhysX
[2021.03.10-02.48.22:004][  0]LogInit: Using OS detected language (en-US).
[2021.03.10-02.48.22:004][  0]LogInit: Using OS detected locale (en-US).
[2021.03.10-02.48.22:022][  0]LogTextLocalizationManager: No specific localization for 'en-US' exists, so the 'en' localization will be used.
[2021.03.10-02.48.22:285][  0]LogInit: Setting process to per monitor DPI aware
[2021.03.10-02.48.22:339][  0]LogSlate: New Slate User Created.  User Index 0, Is Virtual User: 0
[2021.03.10-02.48.22:339][  0]LogSlate: Slate User Registered.  User Index 0, Is Virtual User: 0
[2021.03.10-02.48.22:734][  0]LogHMD: Failed to initialize OpenVR with code 110
[2021.03.10-02.48.22:734][  0]LogD3D11RHI: D3D11 min allowed feature level: 11_0
[2021.03.10-02.48.22:734][  0]LogD3D11RHI: D3D11 max allowed feature level: 11_0
[2021.03.10-02.48.22:734][  0]LogD3D11RHI: D3D11 adapters:
[2021.03.10-02.48.22:846][  0]LogD3D11RHI:    0. 'NVIDIA GeForce GTX 970' (Feature Level 11_0)
[2021.03.10-02.48.22:846][  0]LogD3D11RHI:       4043/0/8171 MB DedicatedVideo/DedicatedSystem/SharedSystem, Outputs:2, VendorId:0x10de
[2021.03.10-02.48.22:848][  0]LogD3D11RHI:    1. 'Microsoft Basic Render Driver' (Feature Level 11_0)
[2021.03.10-02.48.22:848][  0]LogD3D11RHI:       0/0/8171 MB DedicatedVideo/DedicatedSystem/SharedSystem, Outputs:0, VendorId:0x1414
[2021.03.10-02.48.22:848][  0]LogD3D11RHI: Chosen D3D11 Adapter: 0
[2021.03.10-02.48.22:859][  0]LogD3D11RHI: Creating new Direct3DDevice
[2021.03.10-02.48.22:859][  0]LogD3D11RHI:     GPU DeviceId: 0x13c2 (for the marketing name, search the web for "GPU Device Id")
[2021.03.10-02.48.22:859][  0]LogWindows: EnumDisplayDevices:
[2021.03.10-02.48.22:859][  0]LogWindows:    0. 'NVIDIA GeForce GTX 970' (P:0 D:1)
[2021.03.10-02.48.22:859][  0]LogWindows:    1. 'NVIDIA GeForce GTX 970' (P:1 D:1)
[2021.03.10-02.48.22:859][  0]LogWindows:    2. 'NVIDIA GeForce GTX 970' (P:0 D:0)
[2021.03.10-02.48.22:860][  0]LogWindows:    3. 'NVIDIA GeForce GTX 970' (P:0 D:0)
[2021.03.10-02.48.22:860][  0]LogWindows:    4. 'Glance Speed Boost' (P:0 D:0)
[2021.03.10-02.48.22:860][  0]LogWindows: DebugString: GetVideoDriverDetailsInvalid PrimaryIsNotTheChoosenAdapter FoundDriverCount:4 
[2021.03.10-02.48.22:860][  0]LogD3D11RHI:     Adapter Name: NVIDIA GeForce GTX 970
[2021.03.10-02.48.22:860][  0]LogD3D11RHI:   Driver Version: 461.72 (internal:27.21.14.6172, unified:461.72)
[2021.03.10-02.48.22:860][  0]LogD3D11RHI:      Driver Date: 2-23-2021
[2021.03.10-02.48.22:860][  0]LogRHI: Texture pool is 2830 MB (70% of 4043 MB)
[2021.03.10-02.48.22:966][  0]LogD3D11RHI: RHI has support for 64 bit atomics
[2021.03.10-02.48.22:967][  0]LogD3D11RHI: Async texture creation enabled
[2021.03.10-02.48.22:967][  0]LogD3D11RHI: Array index from any shader is supported
[2021.03.10-02.48.23:043][  0]LogD3D11RHI: GPU Timing Frequency: 1000.000000 (Debug: 2 1)
[2021.03.10-02.48.23:424][  0]LogTargetPlatformManager: Display: Loaded TargetPlatform 'AllDesktop'
[2021.03.10-02.48.23:456][  0]LogTargetPlatformManager: Display: Loaded TargetPlatform 'Android'
[2021.03.10-02.48.23:456][  0]LogTargetPlatformManager: Display: Loaded TargetPlatform 'Android_ASTC'
[2021.03.10-02.48.23:456][  0]LogTargetPlatformManager: Display: Loaded TargetPlatform 'Android_DXT'
[2021.03.10-02.48.23:456][  0]LogTargetPlatformManager: Display: Loaded TargetPlatform 'Android_ETC2'
[2021.03.10-02.48.23:456][  0]LogTargetPlatformManager: Display: Loaded TargetPlatform 'AndroidClient'
[2021.03.10-02.48.23:456][  0]LogTargetPlatformManager: Display: Loaded TargetPlatform 'Android_ASTCClient'
[2021.03.10-02.48.23:456][  0]LogTargetPlatformManager: Display: Loaded TargetPlatform 'Android_DXTClient'
[2021.03.10-02.48.23:456][  0]LogTargetPlatformManager: Display: Loaded TargetPlatform 'Android_ETC2Client'
[2021.03.10-02.48.23:456][  0]LogTargetPlatformManager: Display: Loaded TargetPlatform 'Android_Multi'
[2021.03.10-02.48.23:456][  0]LogTargetPlatformManager: Display: Loaded TargetPlatform 'Android_MultiClient'
[2021.03.10-02.48.23:488][  0]LogTargetPlatformManager: Display: Loaded TargetPlatform 'IOSClient'
[2021.03.10-02.48.23:488][  0]LogTargetPlatformManager: Display: Loaded TargetPlatform 'IOS'
[2021.03.10-02.48.23:502][  0]LogTargetPlatformManager: Display: Loaded TargetPlatform 'Linux'
[2021.03.10-02.48.23:514][  0]LogTargetPlatformManager: Display: Loaded TargetPlatform 'LinuxNoEditor'
[2021.03.10-02.48.23:525][  0]LogTargetPlatformManager: Display: Loaded TargetPlatform 'LinuxClient'
[2021.03.10-02.48.23:537][  0]LogTargetPlatformManager: Display: Loaded TargetPlatform 'LinuxServer'
[2021.03.10-02.48.23:548][  0]LogTargetPlatformManager: Display: Loaded TargetPlatform 'LinuxAArch64NoEditor'
[2021.03.10-02.48.23:559][  0]LogTargetPlatformManager: Display: Loaded TargetPlatform 'LinuxAArch64Client'
[2021.03.10-02.48.23:578][  0]LogTargetPlatformManager: Display: Loaded TargetPlatform 'LinuxAArch64Server'
[2021.03.10-02.48.23:606][  0]LogTargetPlatformManager: Display: Loaded TargetPlatform 'Lumin'
[2021.03.10-02.48.23:606][  0]LogTargetPlatformManager: Display: Loaded TargetPlatform 'LuminClient'
[2021.03.10-02.48.23:630][  0]LogTargetPlatformManager: Display: Loaded TargetPlatform 'TVOSClient'
[2021.03.10-02.48.23:630][  0]LogTargetPlatformManager: Display: Loaded TargetPlatform 'TVOS'
[2021.03.10-02.48.23:641][  0]LogTargetPlatformManager: Display: Loaded TargetPlatform 'WindowsNoEditor'
[2021.03.10-02.48.23:653][  0]LogTargetPlatformManager: Display: Loaded TargetPlatform 'Windows'
[2021.03.10-02.48.23:664][  0]LogTargetPlatformManager: Display: Loaded TargetPlatform 'WindowsClient'
[2021.03.10-02.48.23:676][  0]LogTargetPlatformManager: Display: Loaded TargetPlatform 'WindowsServer'
[2021.03.10-02.48.23:676][  0]LogTargetPlatformManager: Display: Building Assets For Windows
[2021.03.10-02.48.23:696][  0]LogAudioDebug: Display: Lib vorbis DLL was dynamically loaded.
[2021.03.10-02.48.23:868][  0]LogShaderCompilers: Guid format shader working directory is -1 characters bigger than the processId version (../../../../../../Documents/GitHub/ProjectNova/Intermediate/Shaders/WorkingDirectory/32604/).
[2021.03.10-02.48.23:868][  0]LogShaderCompilers: Cleaned the shader compiler working directory 'C:/Users/ctlen/AppData/Local/Temp/UnrealShaderWorkingDir/0B7182CD4F2165DD98E8E5885CBDDFFD/'.
[2021.03.10-02.48.23:869][  0]LogXGEController: Cleaning working directory: C:/Users/ctlen/AppData/Local/Temp/UnrealXGEWorkingDir/
[2021.03.10-02.48.23:870][  0]LogXGEController: Cannot use XGE Controller as Incredibuild is not installed on this machine.
[2021.03.10-02.48.23:870][  0]LogShaderCompilers: Cannot use XGE Shader Compiler as Incredibuild is not installed on this machine.
[2021.03.10-02.48.23:870][  0]LogShaderCompilers: Display: Using Local Shader Compiler.
[2021.03.10-02.48.24:733][  0]LogDerivedDataCache: Display: Max Cache Size: 512 MB
[2021.03.10-02.48.24:941][  0]LogDerivedDataCache: Loaded boot cache 0.21s 75MB C:/Users/ctlen/AppData/Local/UnrealEngine/4.25/DerivedDataCache/Boot.ddc.
[2021.03.10-02.48.24:941][  0]LogDerivedDataCache: Display: Loaded Boot cache: C:/Users/ctlen/AppData/Local/UnrealEngine/4.25/DerivedDataCache/Boot.ddc
[2021.03.10-02.48.24:941][  0]LogDerivedDataCache: FDerivedDataBackendGraph:  Pak pak cache file ../../../../../../Documents/GitHub/ProjectNova/DerivedDataCache/DDC.ddp not found, will not use a pak cache.
[2021.03.10-02.48.24:941][  0]LogDerivedDataCache: Unable to find inner node Pak for hierarchical cache Hierarchy.
[2021.03.10-02.48.24:941][  0]LogDerivedDataCache: FDerivedDataBackendGraph:  CompressedPak pak cache file ../../../../../../Documents/GitHub/ProjectNova/DerivedDataCache/Compressed.ddp not found, will not use a pak cache.
[2021.03.10-02.48.24:941][  0]LogDerivedDataCache: Unable to find inner node CompressedPak for hierarchical cache Hierarchy.
[2021.03.10-02.48.24:953][  0]LogDerivedDataCache: Display: Pak cache opened for reading ../../../Engine/DerivedDataCache/Compressed.ddp.
[2021.03.10-02.48.24:953][  0]LogDerivedDataCache: FDerivedDataBackendGraph:  EnterprisePak pak cache file ../../../Enterprise/DerivedDataCache/Compressed.ddp not found, will not use a pak cache.
[2021.03.10-02.48.24:953][  0]LogDerivedDataCache: Unable to find inner node EnterprisePak for hierarchical cache Hierarchy.
[2021.03.10-02.48.24:955][  0]LogDerivedDataCache: Using Local data cache path C:/Users/ctlen/AppData/Local/UnrealEngine/Common/DerivedDataCache: Writable
[2021.03.10-02.48.24:955][  0]LogDerivedDataCache: Shared data cache path not found in *engine.ini, will not use an Shared cache.
[2021.03.10-02.48.24:955][  0]LogDerivedDataCache: Unable to find inner node Shared for hierarchical cache Hierarchy.
[2021.03.10-02.48.25:000][  0]LogSlate: Using FreeType 2.10.0
[2021.03.10-02.48.25:003][  0]LogSlate: SlateFontServices - WITH_FREETYPE: 1, WITH_HARFBUZZ: 1
[2021.03.10-02.48.25:053][  0]LogAssetRegistry: FAssetRegistry took 0.0040 seconds to start up
[2021.03.10-02.48.25:382][  0]LogInit: Selected Device Profile: [Windows]
[2021.03.10-02.48.25:611][  0]LogMeshReduction: Using QuadricMeshReduction for automatic static mesh reduction
[2021.03.10-02.48.25:611][  0]LogMeshReduction: Using SimplygonMeshReduction for automatic skeletal mesh reduction
[2021.03.10-02.48.25:611][  0]LogMeshReduction: Using ProxyLODMeshReduction for automatic mesh merging
[2021.03.10-02.48.25:611][  0]LogMeshReduction: No distributed automatic mesh merging module available
[2021.03.10-02.48.25:612][  0]LogMeshMerging: No distributed automatic mesh merging module available
[2021.03.10-02.48.25:662][  0]LogNetVersion: ProjectNova 1.0.0, NetCL: 13144385, EngineNetVer: 14, GameNetVer: 0 (Checksum: 2359266899)
[2021.03.10-02.48.26:608][  0]LogAISub: UAISubsystem::UAISubsystem AISubsystem (000001B73E899800), frame # 0
[2021.03.10-02.48.26:608][  0]LogAISub: UAISubsystem::UAISubsystem AIPerceptionSystem (000001B73E7E5E40), frame # 0
[2021.03.10-02.48.26:611][  0]LogAISub: UAISubsystem::UAISubsystem EnvQueryManager (000001B73E839C00), frame # 0
[2021.03.10-02.48.26:691][  0]LogPackageLocalizationCache: Processed 19 localized package path(s) for 1 prioritized culture(s) in 0.050700 seconds
[2021.03.10-02.48.26:695][  0]LogUObjectArray: 15917 objects as part of root set at end of initial load.
[2021.03.10-02.48.26:695][  0]LogUObjectAllocator: 3965568 out of 0 bytes used by permanent object pool.
[2021.03.10-02.48.26:695][  0]LogUObjectArray: CloseDisregardForGC: 0/0 objects in disregard for GC pool
[2021.03.10-02.48.27:437][  0]LogTcpMessaging: Initializing TcpMessaging bridge
[2021.03.10-02.48.27:447][  0]LogUdpMessaging: Initializing bridge on interface 0.0.0.0:0 to multicast group 230.0.0.1:6666.
[2021.03.10-02.48.27:614][  0]SourceControl: Source control is disabled
[2021.03.10-02.48.27:614][  0]SourceControl: Source control is disabled
[2021.03.10-02.48.27:624][  0]SourceControl: Source control is disabled
[2021.03.10-02.48.27:631][  0]SourceControl: Source control is disabled
[2021.03.10-02.48.27:645][  0]SourceControl: Source control is disabled
[2021.03.10-02.48.27:665][  0]LogVSAccessor: Display: Unable to create Visual Studio setup instance: 80040154
[2021.03.10-02.48.27:665][  0]LogVSAccessor: Display: Unable to create Visual Studio setup instance: 80040154
[2021.03.10-02.48.28:519][  0]LogAndroidPermission: UAndroidPermissionCallbackProxy::GetInstance
[2021.03.10-02.48.28:554][  0]LogAudioCaptureCore: Display: No Audio Capture implementations found. Audio input will be silent.
[2021.03.10-02.48.28:554][  0]LogAudioCaptureCore: Display: No Audio Capture implementations found. Audio input will be silent.
[2021.03.10-02.48.28:657][  0]LogOcInput: OculusInput pre-init called
[2021.03.10-02.48.28:676][  0]LogWindows: Failed to load 'OVRPlugin.dll' (GetLastError=126)
[2021.03.10-02.48.28:676][  0]LogWindows: File 'OVRPlugin.dll' does not exist
[2021.03.10-02.48.28:788][  0]LogEngine: Initializing Engine...
[2021.03.10-02.48.28:793][  0]LogHMD: Failed to initialize OpenVR with code 110
[2021.03.10-02.48.28:793][  0]LogMagicLeap: Warning: VR disabled because ZI is not enabled.  To enable, in the editor, Edit -> Project Settings -> Plugins -> Magic Leap Plugin -> Enable Zero Iteration
[2021.03.10-02.48.28:802][  0]LogStats: UGameplayTagsManager::InitializeManager -  0.001 s
[2021.03.10-02.48.28:930][  0]LogInit: Initializing FReadOnlyCVARCache
[2021.03.10-02.48.28:960][  0]LogAIModule: Creating AISystem for world Untitled
[2021.03.10-02.48.28:960][  0]LogAISub: UAISubsystem::UAISubsystem EnvQueryManager (000001B7468D4600), frame # 0
[2021.03.10-02.48.28:960][  0]LogAISub: UAISubsystem::UAISubsystem AIPerceptionSystem (000001B7468C6980), frame # 0
[2021.03.10-02.48.28:971][  0]LogAudioMixer: Display: Audio Mixer Platform Settings:
[2021.03.10-02.48.28:971][  0]LogAudioMixer: Display: 	Sample Rate:						  48000
[2021.03.10-02.48.28:971][  0]LogAudioMixer: Display: 	Callback Buffer Frame Size Requested: 1024
[2021.03.10-02.48.28:971][  0]LogAudioMixer: Display: 	Callback Buffer Frame Size To Use:	  1024
[2021.03.10-02.48.28:971][  0]LogAudioMixer: Display: 	Number of buffers to queue:			  2
[2021.03.10-02.48.28:971][  0]LogAudioMixer: Display: 	Max Channels (voices):				  32
[2021.03.10-02.48.28:971][  0]LogAudioMixer: Display: 	Number of Async Source Workers:		  0
[2021.03.10-02.48.28:971][  0]LogAudio: Display: AudioDevice MaxSources: 32
[2021.03.10-02.48.28:972][  0]LogAudio: Display: Using built-in audio occlusion.
[2021.03.10-02.48.28:972][  0]LogAudioMixer: Display: Initializing audio mixer.
[2021.03.10-02.48.29:008][  0]LogAudioMixer: Display: 0: FrontLeft
[2021.03.10-02.48.29:008][  0]LogAudioMixer: Display: 1: FrontRight
[2021.03.10-02.48.29:096][  0]LogAudioMixer: Display: Using Audio Device Realtek HD Audio 2nd output (Realtek High Definition Audio)
[2021.03.10-02.48.29:100][  0]LogAudioMixer: Display: Initializing Sound Submixes...
[2021.03.10-02.48.29:109][  0]LogAudioMixer: Display: Creating Master Submix 'MasterSubmixDefault'
[2021.03.10-02.48.29:109][  0]LogAudioMixer: Display: Creating Master Submix 'MasterReverbSubmixDefault'
[2021.03.10-02.48.29:111][  0]LogAudioMixer: Display: Creating Master Submix 'MasterEQSubmixDefault'
[2021.03.10-02.48.29:111][  0]LogInit: FAudioDevice initialized.
[2021.03.10-02.48.29:112][  0]LogNetVersion: Set ProjectVersion to 1.0.0.0. Version Checksum will be recalculated on next use.
[2021.03.10-02.48.29:144][  0]LogDerivedDataCache: Saved boot cache 0.03s 75MB C:/Users/ctlen/AppData/Local/UnrealEngine/4.25/DerivedDataCache/Boot.ddc.
[2021.03.10-02.48.29:144][  0]LogInit: Texture streaming: Enabled
[2021.03.10-02.48.29:438][  0]LogEngineSessionManager: EngineSessionManager initialized
[2021.03.10-02.48.29:438][  0]LogEditorSessionSummary: Verbose: Initializing EditorSessionSummaryWriter for editor session tracking
[2021.03.10-02.48.29:445][  0]LogEditorSessionSummary: EditorSessionSummaryWriter initialized
[2021.03.10-02.48.29:543][  0]LogInit: Transaction tracking system initialized
[2021.03.10-02.48.29:592][  0]BlueprintLog: New page: Editor Load
[2021.03.10-02.48.29:794][  0]LocalizationService: Localization service is disabled
[2021.03.10-02.48.29:972][  0]LogVSAccessor: Display: Unable to create Visual Studio setup instance: 80040154
[2021.03.10-02.48.29:972][  0]LogVSAccessor: Display: Unable to create Visual Studio setup instance: 80040154
[2021.03.10-02.48.30:150][  0]LogCook: Display: Max memory allowance for cook 16384mb min free memory 0mb
[2021.03.10-02.48.30:150][  0]LogCook: Display: Mobile HDR setting 1
[2021.03.10-02.48.30:549][  0]LogFileCache: Scanning file cache for directory 'C:/Users/ctlen/Documents/GitHub/ProjectNova/Content/' took 0.02s
[2021.03.10-02.48.30:802][  0]SourceControl: Source control is disabled
[2021.03.10-02.48.30:802][  0]LogUnrealEdMisc: Loading editor; pre map load, took 14.358
[2021.03.10-02.48.30:803][  0]Cmd: MAP LOAD FILE="../../../../../../Documents/GitHub/ProjectNova/Content/GameLevels/TestMap.umap" TEMPLATE=0 SHOWPROGRESS=1 FEATURELEVEL=3
[2021.03.10-02.48.30:911][  0]LightingResults: New page: Lighting Build
[2021.03.10-02.48.30:915][  0]LogWorld: UWorld::CleanupWorld for Untitled, bSessionEnded=true, bCleanupResources=true
[2021.03.10-02.48.30:915][  0]LogSlate: InvalidateAllWidgets triggered.  All widgets were invalidated
[2021.03.10-02.48.30:916][  0]MapCheck: New page: Map Check
[2021.03.10-02.48.30:916][  0]LightingResults: New page: Lighting Build
[2021.03.10-02.48.30:926][  0]LogAISub: UAISubsystem::~UAISubsystem EnvQueryManager (000001B7468D4600), frame # 0
[2021.03.10-02.48.30:926][  0]LogAISub: UAISubsystem::~UAISubsystem AIPerceptionSystem (000001B7468C6980), frame # 0
[2021.03.10-02.48.30:927][  0]LogUObjectHash: Compacting FUObjectHashTables data took   0.49ms
[2021.03.10-02.48.32:036][  0]LogBlueprint: Warning: [Compiler ThirdPersonCharacter] InputAction Event references unknown Action 'ResetVR' for  InputAction ResetVR
[2021.03.10-02.48.32:036][  0]LogBlueprint: Warning: [Compiler ThirdPersonCharacter] InputAction Event references unknown Action 'Jump' for  InputAction Jump
[2021.03.10-02.48.33:483][  0]LogAIModule: Creating AISystem for world TestMap
[2021.03.10-02.48.33:483][  0]LogAISub: UAISubsystem::UAISubsystem EnvQueryManager (000001B74E4C5800), frame # 0
[2021.03.10-02.48.33:483][  0]LogAISub: UAISubsystem::UAISubsystem AIPerceptionSystem (000001B74E2EE340), frame # 0
[2021.03.10-02.48.33:508][  0]LogEditorServer: Finished looking for orphan Actors (0.000 secs)
[2021.03.10-02.48.33:530][  0]LogUObjectHash: Compacting FUObjectHashTables data took   0.97ms
[2021.03.10-02.48.33:531][  0]Cmd: MAP CHECKDEP NOCLEARLOG
[2021.03.10-02.48.33:532][  0]MapCheck: Map check complete: 0 Error(s), 0 Warning(s), took 0.361ms to complete.
[2021.03.10-02.48.33:532][  0]LogFileHelpers: Loading map 'TestMap' took 2.729
[2021.03.10-02.48.33:549][  0]LogUnrealEdMisc: Total Editor Startup Time, took 17.105
[2021.03.10-02.48.33:675][  0]LogCollectionManager: Loaded 0 collections in 0.001804 seconds
[2021.03.10-02.48.33:698][  0]LogFileCache: Scanning file cache for directory 'C:/Users/ctlen/Documents/GitHub/ProjectNova/Saved/Collections/' took 0.00s
[2021.03.10-02.48.33:698][  0]LogFileCache: Scanning file cache for directory 'C:/Users/ctlen/Documents/GitHub/ProjectNova/Content/Developers/ctlen/Collections/' took 0.00s
[2021.03.10-02.48.33:698][  0]LogFileCache: Scanning file cache for directory 'C:/Users/ctlen/Documents/GitHub/ProjectNova/Content/Collections/' took 0.00s
[2021.03.10-02.48.33:698][  0]LogContentBrowser: Native class hierarchy populated in 0.0071 seconds. Added 3427 classes and 821 folders.
[2021.03.10-02.48.33:704][  0]LogContentBrowser: Native class hierarchy updated for 'WidgetCarousel' in 0.0003 seconds. Added 0 classes and 0 folders.
[2021.03.10-02.48.33:887][  0]LogContentBrowser: Native class hierarchy updated for 'AddContentDialog' in 0.0002 seconds. Added 0 classes and 0 folders.
[2021.03.10-02.48.33:912][  0]LogSlate: Updating window title bar state: overlay mode, drag disabled, window buttons hidden, title bar hidden
[2021.03.10-02.48.33:918][  0]LogSlate: Updating window title bar state: overlay mode, drag disabled, window buttons hidden, title bar hidden
[2021.03.10-02.48.33:924][  0]LogSlate: Updating window title bar state: overlay mode, drag disabled, window buttons hidden, title bar hidden
[2021.03.10-02.48.33:930][  0]LogSlate: Updating window title bar state: overlay mode, drag disabled, window buttons hidden, title bar hidden
[2021.03.10-02.48.33:937][  0]LogContentBrowser: Native class hierarchy updated for 'SceneOutliner' in 0.0003 seconds. Added 2 classes and 0 folders.
[2021.03.10-02.48.33:999][  0]LogSlate: Took 0.001025 seconds to synchronously load lazily loaded font '../../../Engine/Content/Slate/Fonts/Roboto-Regular.ttf' (155K)
[2021.03.10-02.48.34:001][  0]LogSlate: Took 0.000823 seconds to synchronously load lazily loaded font '../../../Engine/Content/Editor/Slate/Fonts/FontAwesome.ttf' (139K)
[2021.03.10-02.48.34:002][  0]LogSlate: Took 0.000850 seconds to synchronously load lazily loaded font '../../../Engine/Content/Slate/Fonts/Roboto-Bold.ttf' (160K)
[2021.03.10-02.48.34:079][  0]LogRenderer: Reallocating scene render targets to support 676x704 Format 10 NumSamples 1 (Frame:1).
[2021.03.10-02.48.34:177][  0]LogContentBrowser: Native class hierarchy updated for 'HierarchicalLODOutliner' in 0.0002 seconds. Added 0 classes and 0 folders.
[2021.03.10-02.48.34:177][  0]LogLoad: (Engine Initialization) Total time: 17.73 seconds
[2021.03.10-02.48.34:177][  0]LogLoad: (Engine Initialization) Total Blueprint compile time: 0.00 seconds
[2021.03.10-02.48.34:228][  0]LogAssetRegistry: Asset discovery search completed in 9.1771 seconds
[2021.03.10-02.48.34:231][  0]LogCollectionManager: Fixed up redirectors for 0 collections in 0.000002 seconds (updated 0 objects)
[2021.03.10-02.48.34:234][  0]LogContentStreaming: Texture pool size now 1000 MB
[2021.03.10-02.48.34:265][  0]LogSlate: Took 0.000975 seconds to synchronously load lazily loaded font '../../../Engine/Content/Slate/Fonts/Roboto-Light.ttf' (167K)
[2021.03.10-02.48.35:538][  4]LogSlate: Took 0.000179 seconds to synchronously load lazily loaded font '../../../Engine/Content/Slate/Fonts/Roboto-Light.ttf' (167K)
[2021.03.10-03.27.23:669][225]LogAudioMixer: Display: Audio Buffer Underrun detected.
[2021.03.10-04.52.43:835][267]LogEditorViewport: Clicking on Actor (LMB): StaticMeshActor (EditorCube20)
[2021.03.10-04.52.45:742][460]LogEditorViewport: Clicking on Actor (LMB): StaticMeshActor (BigWall21)
[2021.03.10-04.52.47:634][671]LogEditorViewport: Clicking on Actor (LMB): StaticMeshActor (Cube)
[2021.03.10-04.52.48:689][788]LogEditorViewport: Clicking on Actor (LMB): StaticMeshActor (BigWall15)
[2021.03.10-04.52.51:226][ 79]LogEditorViewport: Clicking on Actor (LMB): StaticMeshActor (Cube)
[2021.03.10-04.52.53:710][359]Cmd: EDIT COPY
[2021.03.10-04.52.53:940][381]Cmd: EDIT PASTE
[2021.03.10-04.53.19:347][297]LogEditorViewport: Clicking on Actor (LMB): PlayerStart (PlayerStart)
[2021.03.10-04.53.20:400][417]LogNavigationPoint: PostEditMove Clear paths rebuilt
[2021.03.10-04.53.21:672][557]LogUObjectHash: Compacting FUObjectHashTables data took   5.01ms
[2021.03.10-04.53.22:718][557]LogSlate: Window 'Save Content' being destroyed
[2021.03.10-04.53.22:751][557]Cmd: OBJ SAVEPACKAGE PACKAGE="/Game/GameLevels/TestMap" FILE="../../../../../../Documents/GitHub/ProjectNova/Content/GameLevels/TestMap.umap" SILENT=true AUTOSAVING=false KEEPDIRTY=false
[2021.03.10-04.53.22:761][557]LogUObjectHash: Compacting FUObjectHashTables data took   0.28ms
[2021.03.10-04.53.22:858][557]LogSavePackage: Moving '../../../../../../Documents/GitHub/ProjectNova/Saved/TestMap6BCA30614AA2C492D21460843C23F899.tmp' to '../../../../../../Documents/GitHub/ProjectNova/Content/GameLevels/TestMap.umap'
[2021.03.10-04.53.22:888][557]LogFileHelpers: Saving map 'TestMap' took 0.137
[2021.03.10-04.53.22:898][557]AssetCheck: New page: Asset Save: TestMap
[2021.03.10-04.53.22:899][557]LogContentValidation: Display: Validating World /Game/GameLevels/TestMap.TestMap
[2021.03.10-05.40.36:865][612]LogUObjectHash: Compacting FUObjectHashTables data took   3.99ms
[2021.03.10-05.40.49:109][ 77]LogUObjectHash: Compacting FUObjectHashTables data took   0.32ms
[2021.03.10-06.23.54:019][507]LogHttp: Warning: 000001B7611A5600: invalid HTTP response code received. URL: https://datarouter.ol.epicgames.com/datarouter/api/v1/public/data?SessionID=%7B4CDD4D53-4BA2-F4D0-04E2-E1ABCA109FCB%7D&AppID=UEEditor.Rocket.Release&AppVersion=4.25.4-14469661%2B%2B%2BUE4%2BRelease-4.25&UserID=739b64b248981cf1965c81be8c45c96b%7C40f5e54031104248a7882cce0dca9986%7Cc3977c2c-18b7-46b0-8f93-13a684cba1b7&AppEnvironment=datacollector-source&UploadType=eteventstream, HTTP code: 0, content length: 0, actual payload size: 0
[2021.03.10-06.23.54:019][507]LogHttp: Warning: 000001B7611A5600: request failed, libcurl error: 56 (Failure when receiving data from the peer)
[2021.03.10-06.23.54:019][507]LogHttp: Warning: 000001B7611A5600: libcurl info message cache 0 (Found bundle for host datarouter.ol.epicgames.com: 0x1b719d8ff70 [can pipeline])
[2021.03.10-06.23.54:019][507]LogHttp: Warning: 000001B7611A5600: libcurl info message cache 1 (Re-using existing connection! (#28) with host datarouter.ol.epicgames.com)
[2021.03.10-06.23.54:019][507]LogHttp: Warning: 000001B7611A5600: libcurl info message cache 2 (Connected to datarouter.ol.epicgames.com (52.206.177.42) port 443 (#28))
[2021.03.10-06.23.54:019][507]LogHttp: Warning: 000001B7611A5600: libcurl info message cache 3 (We are completely uploaded and fine)
[2021.03.10-06.23.54:019][507]LogHttp: Warning: 000001B7611A5600: libcurl info message cache 4 (OpenSSL SSL_read: SSL_ERROR_SYSCALL, errno 10054)
[2021.03.10-06.23.54:019][507]LogHttp: Warning: 000001B7611A5600: libcurl info message cache 5 (Connection died, retrying a fresh connect)
[2021.03.10-06.23.54:019][507]LogHttp: Warning: 000001B7611A5600: libcurl info message cache 6 (necessary data rewind wasn't possible)
[2021.03.10-06.23.54:019][507]LogHttp: Warning: 000001B7611A5600: libcurl info message cache 7 (Closing connection 28)
[2021.03.10-06.23.54:264][508]LogHttp: Warning: Retry exhausted on https://datarouter.ol.epicgames.com/datarouter/api/v1/public/data?SessionID=%7B4CDD4D53-4BA2-F4D0-04E2-E1ABCA109FCB%7D&AppID=UEEditor.Rocket.Release&AppVersion=4.25.4-14469661%2B%2B%2BUE4%2BRelease-4.25&UserID=739b64b248981cf1965c81be8c45c96b%7C40f5e54031104248a7882cce0dca9986%7Cc3977c2c-18b7-46b0-8f93-13a684cba1b7&AppEnvironment=datacollector-source&UploadType=eteventstream
[2021.03.10-06.55.32:710][779]LogEditorViewport: Clicking on Actor (LMB): BP_RayDetector_C (BP_RayDetector)
[2021.03.10-06.55.49:339][696]LogRenderer: Reallocating scene render targets to support 680x704 Format 10 NumSamples 1 (Frame:11257).
[2021.03.10-06.55.49:377][697]LogRenderer: Reallocating scene render targets to support 688x704 Format 10 NumSamples 1 (Frame:11259).
[2021.03.10-06.55.49:414][698]LogRenderer: Reallocating scene render targets to support 712x704 Format 10 NumSamples 1 (Frame:11261).
[2021.03.10-06.55.49:452][699]LogRenderer: Reallocating scene render targets to support 756x704 Format 10 NumSamples 1 (Frame:11263).
[2021.03.10-06.55.49:489][700]LogRenderer: Reallocating scene render targets to support 788x704 Format 10 NumSamples 1 (Frame:11265).
[2021.03.10-06.55.49:524][701]LogRenderer: Reallocating scene render targets to support 800x704 Format 10 NumSamples 1 (Frame:11267).
[2021.03.10-06.55.51:861][968]LogTemp: Repeating last play command: Selected Viewport
[2021.03.10-06.55.51:887][968]LogPlayLevel: PlayLevel: No blueprints needed recompiling
[2021.03.10-06.55.51:893][968]PIE: New page: PIE session: TestMap (Mar 9, 2021, 8:55:51 PM)
[2021.03.10-06.55.51:899][968]LogOnline: OSS: Creating online subsystem instance for: NULL
[2021.03.10-06.55.51:901][968]LogOnline: OSS: TryLoadSubsystemAndSetDefault: Loaded subsystem for module [NULL]
[2021.03.10-06.55.51:903][968]LogPlayLevel: Creating play world package: /Game/GameLevels/UEDPIE_0_TestMap
[2021.03.10-06.55.51:967][968]LogPlayLevel: PIE: StaticDuplicateObject took: (0.063353s)
[2021.03.10-06.55.51:969][968]LogAIModule: Creating AISystem for world TestMap
[2021.03.10-06.55.51:969][968]LogAISub: UAISubsystem::UAISubsystem EnvQueryManager (000001B76DE03E00), frame # 55968
[2021.03.10-06.55.51:969][968]LogAISub: UAISubsystem::UAISubsystem AIPerceptionSystem (000001B746E8A200), frame # 55968
[2021.03.10-06.55.51:970][968]LogPlayLevel: PIE: World Init took: (0.003048s)
[2021.03.10-06.55.51:970][968]LogPlayLevel: PIE: Created PIE world by copying editor world from /Game/GameLevels/TestMap.TestMap to /Game/GameLevels/UEDPIE_0_TestMap.TestMap (0.067451s)
[2021.03.10-06.55.51:990][968]LogUObjectHash: Compacting FUObjectHashTables data took   3.05ms
[2021.03.10-06.55.52:013][968]LogAudioMixer: Display: Audio Mixer Platform Settings:
[2021.03.10-06.55.52:013][968]LogAudioMixer: Display: 	Sample Rate:						  48000
[2021.03.10-06.55.52:013][968]LogAudioMixer: Display: 	Callback Buffer Frame Size Requested: 1024
[2021.03.10-06.55.52:013][968]LogAudioMixer: Display: 	Callback Buffer Frame Size To Use:	  1024
[2021.03.10-06.55.52:013][968]LogAudioMixer: Display: 	Number of buffers to queue:			  2
[2021.03.10-06.55.52:013][968]LogAudioMixer: Display: 	Max Channels (voices):				  32
[2021.03.10-06.55.52:013][968]LogAudioMixer: Display: 	Number of Async Source Workers:		  0
[2021.03.10-06.55.52:013][968]LogAudio: Display: AudioDevice MaxSources: 32
[2021.03.10-06.55.52:014][968]LogAudio: Display: Using built-in audio occlusion.
[2021.03.10-06.55.52:014][968]LogAudioMixer: Display: Initializing audio mixer.
[2021.03.10-06.55.52:024][968]LogAudioMixer: Display: 0: FrontLeft
[2021.03.10-06.55.52:024][968]LogAudioMixer: Display: 1: FrontRight
[2021.03.10-06.55.52:052][968]LogAudioMixer: Display: Using Audio Device Realtek HD Audio 2nd output (Realtek High Definition Audio)
[2021.03.10-06.55.52:052][968]LogAudioMixer: Display: Initializing Sound Submixes...
[2021.03.10-06.55.52:052][968]LogAudioMixer: Display: Creating Master Submix 'MasterSubmixDefault'
[2021.03.10-06.55.52:052][968]LogAudioMixer: Display: Creating Master Submix 'MasterReverbSubmixDefault'
[2021.03.10-06.55.52:055][968]LogAudioMixer: Display: Creating Master Submix 'MasterEQSubmixDefault'
[2021.03.10-06.55.52:064][968]LogInit: FAudioDevice initialized.
[2021.03.10-06.55.52:080][968]LogLoad: Game class is 'BP_FirstPersonGameMode_C'
[2021.03.10-06.55.52:094][968]LogWorld: Bringing World /Game/GameLevels/UEDPIE_0_TestMap.TestMap up for play (max tick rate 0) at 2021.03.10-01.55.52
[2021.03.10-06.55.52:101][968]LogWorld: Bringing up level for play took: 0.013412
[2021.03.10-06.55.52:102][968]LogOnline: OSS: Creating online subsystem instance for: :Context_3
[2021.03.10-06.55.52:116][968]LogContentBrowser: Native class hierarchy updated for 'MovieSceneCapture' in 0.0024 seconds. Added 20 classes and 0 folders.
[2021.03.10-06.55.52:157][968]LogScript: Warning: Script Msg: Attempted to access index -1 from array 'WeaponsBaseInfo' of length 3 in '/Game/FPS_AnimBP/Blueprints/BP_FPS_Character.BP_FPS_Character_C'!
[2021.03.10-06.55.52:161][968]PIE: Server logged in
[2021.03.10-06.55.52:162][968]PIE: Play in editor total start time 0.282 seconds.
[2021.03.10-06.55.58:957][769]LogScript: Warning: Accessed None trying to read property K2Node_ComponentBoundEvent_OtherActor
	BP_FPS_Character_C /Game/GameLevels/UEDPIE_0_TestMap.TestMap:PersistentLevel.BP_FPS_Character_C_0
	Function /Game/FPS_AnimBP/Blueprints/BP_FPS_Character.BP_FPS_Character_C:ExecuteUbergraph_BP_FPS_Character:0DC2
[2021.03.10-06.55.58:959][769]PIE: Error: Blueprint Runtime Error: "Accessed None trying to read property K2Node_ComponentBoundEvent_OtherActor". Blueprint:  BP_FPS_Character Function:  Execute Ubergraph BP FPS Character Graph:  EventGraph Node:  Branch
[2021.03.10-06.56.00:041][899]LogScript: Warning: Accessed None trying to read property K2Node_ComponentBoundEvent_OtherActor
	BP_FPS_Character_C /Game/GameLevels/UEDPIE_0_TestMap.TestMap:PersistentLevel.BP_FPS_Character_C_0
	Function /Game/FPS_AnimBP/Blueprints/BP_FPS_Character.BP_FPS_Character_C:ExecuteUbergraph_BP_FPS_Character:0DC2
[2021.03.10-06.56.00:041][899]PIE: Error: Blueprint Runtime Error: "Accessed None trying to read property K2Node_ComponentBoundEvent_OtherActor". Blueprint:  BP_FPS_Character Function:  Execute Ubergraph BP FPS Character Graph:  EventGraph Node:  Branch
[2021.03.10-06.56.01:049][ 20]LogScript: Warning: Accessed None trying to read property K2Node_ComponentBoundEvent_OtherActor
	BP_FPS_Character_C /Game/GameLevels/UEDPIE_0_TestMap.TestMap:PersistentLevel.BP_FPS_Character_C_0
	Function /Game/FPS_AnimBP/Blueprints/BP_FPS_Character.BP_FPS_Character_C:ExecuteUbergraph_BP_FPS_Character:0DC2
[2021.03.10-06.56.01:049][ 20]PIE: Error: Blueprint Runtime Error: "Accessed None trying to read property K2Node_ComponentBoundEvent_OtherActor". Blueprint:  BP_FPS_Character Function:  Execute Ubergraph BP FPS Character Graph:  EventGraph Node:  Branch
[2021.03.10-06.56.02:158][153]LogScript: Warning: Accessed None trying to read property K2Node_ComponentBoundEvent_OtherActor
	BP_FPS_Character_C /Game/GameLevels/UEDPIE_0_TestMap.TestMap:PersistentLevel.BP_FPS_Character_C_0
	Function /Game/FPS_AnimBP/Blueprints/BP_FPS_Character.BP_FPS_Character_C:ExecuteUbergraph_BP_FPS_Character:0DC2
[2021.03.10-06.56.02:158][153]PIE: Error: Blueprint Runtime Error: "Accessed None trying to read property K2Node_ComponentBoundEvent_OtherActor". Blueprint:  BP_FPS_Character Function:  Execute Ubergraph BP FPS Character Graph:  EventGraph Node:  Branch
[2021.03.10-06.56.03:091][265]LogScript: Warning: Accessed None trying to read property K2Node_ComponentBoundEvent_OtherActor
	BP_FPS_Character_C /Game/GameLevels/UEDPIE_0_TestMap.TestMap:PersistentLevel.BP_FPS_Character_C_0
	Function /Game/FPS_AnimBP/Blueprints/BP_FPS_Character.BP_FPS_Character_C:ExecuteUbergraph_BP_FPS_Character:0DC2
[2021.03.10-06.56.03:091][265]PIE: Error: Blueprint Runtime Error: "Accessed None trying to read property K2Node_ComponentBoundEvent_OtherActor". Blueprint:  BP_FPS_Character Function:  Execute Ubergraph BP FPS Character Graph:  EventGraph Node:  Branch
[2021.03.10-06.56.04:162][389]LogSlate: Updating window title bar state: overlay mode, drag disabled, window buttons hidden, title bar hidden
[2021.03.10-06.56.04:162][389]LogWorld: BeginTearingDown for /Game/GameLevels/UEDPIE_0_TestMap
[2021.03.10-06.56.04:163][389]LogWorld: UWorld::CleanupWorld for TestMap, bSessionEnded=true, bCleanupResources=true
[2021.03.10-06.56.04:166][389]LogSlate: InvalidateAllWidgets triggered.  All widgets were invalidated
[2021.03.10-06.56.04:171][389]LogPlayLevel: Display: Shutting down PIE online subsystems
[2021.03.10-06.56.04:173][389]LogSlate: InvalidateAllWidgets triggered.  All widgets were invalidated
[2021.03.10-06.56.04:196][389]LogSlate: Updating window title bar state: overlay mode, drag disabled, window buttons hidden, title bar hidden
[2021.03.10-06.56.04:199][389]LogAISub: UAISubsystem::~UAISubsystem AIPerceptionSystem (000001B746E8A200), frame # 57389
[2021.03.10-06.56.04:199][389]LogAISub: UAISubsystem::~UAISubsystem EnvQueryManager (000001B76DE03E00), frame # 57389
[2021.03.10-06.56.04:203][389]LogUObjectHash: Compacting FUObjectHashTables data took   1.10ms
[2021.03.10-06.56.04:330][389]LogSlate: Took 0.005261 seconds to synchronously load lazily loaded font '../../../Engine/Content/Slate/Fonts/DroidSansMono.ttf' (77K)
[2021.03.10-06.56.04:337][390]LogPlayLevel: Display: Destroying online subsystem :Context_3
[2021.03.10-06.56.13:924][505]LogAssetEditorSubsystem: Opening Asset editor for Blueprint /Game/FPS_AnimBP/Blueprints/BP_FPS_Character.BP_FPS_Character
[2021.03.10-06.56.14:197][505]LogEnum: Warning: Enum name collision: 'E_WeaponType::NewEnumerator0' is in both '/Game/AdvancedPuzzleConstructor/BluePrints/Core/E_WeaponType.E_WeaponType' and '/Game/FPS_AnimBP/Data/Enums/E_WeaponType.E_WeaponType'
[2021.03.10-06.56.14:197][505]LogEnum: Warning: Enum name collision: 'E_WeaponType::NewEnumerator1' is in both '/Game/AdvancedPuzzleConstructor/BluePrints/Core/E_WeaponType.E_WeaponType' and '/Game/FPS_AnimBP/Data/Enums/E_WeaponType.E_WeaponType'
[2021.03.10-06.56.14:197][505]LogEnum: Warning: Enum name collision: 'E_WeaponType::NewEnumerator2' is in both '/Game/AdvancedPuzzleConstructor/BluePrints/Core/E_WeaponType.E_WeaponType' and '/Game/FPS_AnimBP/Data/Enums/E_WeaponType.E_WeaponType'
[2021.03.10-06.56.14:197][505]LogEnum: Warning: Enum name collision: 'E_WeaponType::NewEnumerator3' is in both '/Game/AdvancedPuzzleConstructor/BluePrints/Core/E_WeaponType.E_WeaponType' and '/Game/FPS_AnimBP/Data/Enums/E_WeaponType.E_WeaponType'
[2021.03.10-06.56.14:197][505]LogEnum: Warning: Enum name collision: 'E_WeaponType::E_MAX' is in both '/Game/AdvancedPuzzleConstructor/BluePrints/Core/E_WeaponType.E_WeaponType' and '/Game/FPS_AnimBP/Data/Enums/E_WeaponType.E_WeaponType'
[2021.03.10-06.56.14:197][505]LogEnum: Warning: Enum name collision: 'E_WeaponType::NewEnumerator0' is in both '/Game/AdvancedPuzzleConstructor/BluePrints/Core/E_WeaponType.E_WeaponType' and '/Game/FPS_AnimBP/Data/Enums/E_WeaponType.E_WeaponType'
[2021.03.10-06.56.14:197][505]LogEnum: Warning: Enum name collision: 'E_WeaponType::NewEnumerator1' is in both '/Game/AdvancedPuzzleConstructor/BluePrints/Core/E_WeaponType.E_WeaponType' and '/Game/FPS_AnimBP/Data/Enums/E_WeaponType.E_WeaponType'
[2021.03.10-06.56.14:197][505]LogEnum: Warning: Enum name collision: 'E_WeaponType::NewEnumerator2' is in both '/Game/AdvancedPuzzleConstructor/BluePrints/Core/E_WeaponType.E_WeaponType' and '/Game/FPS_AnimBP/Data/Enums/E_WeaponType.E_WeaponType'
[2021.03.10-06.56.14:197][505]LogEnum: Warning: Enum name collision: 'E_WeaponType::NewEnumerator3' is in both '/Game/AdvancedPuzzleConstructor/BluePrints/Core/E_WeaponType.E_WeaponType' and '/Game/FPS_AnimBP/Data/Enums/E_WeaponType.E_WeaponType'
[2021.03.10-06.56.14:390][505]LogContentBrowser: Native class hierarchy updated for 'BlueprintGraph' in 0.0016 seconds. Added 125 classes and 0 folders.
[2021.03.10-06.56.15:876][505]LogSlate: Took 0.003012 seconds to synchronously load lazily loaded font '../../../Engine/Content/Slate/Fonts/Roboto-BoldCondensed.ttf' (158K)
[2021.03.10-06.56.16:307][506]LogSlate: Took 0.004236 seconds to synchronously load lazily loaded font '../../../Engine/Content/Slate/Fonts/Roboto-Italic.ttf' (157K)
[2021.03.10-06.57.01:886][547]LogUObjectHash: Compacting FUObjectHashTables data took   1.89ms
[2021.03.10-06.57.01:895][547]Cmd: OBJ SAVEPACKAGE PACKAGE="/Game/GameLevels/TestMap" FILE="../../../../../../Documents/GitHub/ProjectNova/Saved/Autosaves/Game/GameLevels/TestMap_Auto1.umap" SILENT=true AUTOSAVING=true KEEPDIRTY=false
[2021.03.10-06.57.01:989][547]LogSavePackage: Moving '../../../../../../Documents/GitHub/ProjectNova/Saved/TestMap_Auto189D6901B408DF4D6DF35FC828BD79F48.tmp' to '../../../../../../Documents/GitHub/ProjectNova/Saved/Autosaves/Game/GameLevels/TestMap_Auto1.umap'
[2021.03.10-06.57.01:993][547]LogFileHelpers: Editor autosave (incl. sublevels) for '/Game/GameLevels/TestMap' took 0.128
[2021.03.10-06.57.01:993][547]LogFileHelpers: Editor autosave (incl. sublevels) for all levels took 0.128
[2021.03.10-06.57.01:994][547]OBJ SavePackage: Generating thumbnails for [1] asset(s) in package [/Game/FPS_AnimBP/Blueprints/BP_FPS_Character] ([1] browsable assets)...
[2021.03.10-06.57.02:023][547]OBJ SavePackage:     Rendered thumbnail for [Blueprint /Game/FPS_AnimBP/Blueprints/BP_FPS_Character.BP_FPS_Character]
[2021.03.10-06.57.02:023][547]OBJ SavePackage: Finished generating thumbnails for package [/Game/FPS_AnimBP/Blueprints/BP_FPS_Character]
[2021.03.10-06.57.02:496][547]LogSavePackage: Moving '../../../../../../Documents/GitHub/ProjectNova/Saved/BP_FPS_Character_Auto112CB3F044A558B188C822FBDF9477CD6.tmp' to '../../../../../../Documents/GitHub/ProjectNova/Saved/Autosaves/Game/FPS_AnimBP/Blueprints/BP_FPS_Character_Auto1.uasset'
[2021.03.10-06.57.02:499][547]LogFileHelpers: Auto-saving content packages took 0.506
[2021.03.10-06.59.21:019][288]LogEditorTransaction: Undo Delete current selection
[2021.03.10-06.59.42:249][279]BlueprintLog: New page: Compile BP_FPS_Character
[2021.03.10-06.59.42:466][279]LogUObjectHash: Compacting FUObjectHashTables data took   2.09ms
[2021.03.10-06.59.42:478][279]LogScript: Warning: Accessed None trying to read property HUD
	BP_FPS_Character_C /Engine/Transient.World_3:PersistentLevel.BP_FPS_Character_C_0
	Function /Game/FPS_AnimBP/Blueprints/BP_FPS_Character.BP_FPS_Character_C:ExecuteUbergraph_BP_FPS_Character:2C99
[2021.03.10-06.59.49:285][968]LogTemp: Repeating last play command: Selected Viewport
[2021.03.10-06.59.49:304][968]LogPlayLevel: PlayLevel: No blueprints needed recompiling
[2021.03.10-06.59.49:304][968]PIE: New page: PIE session: TestMap (Mar 9, 2021, 8:59:49 PM)
[2021.03.10-06.59.49:327][968]LogPlayLevel: Creating play world package: /Game/GameLevels/UEDPIE_0_TestMap
[2021.03.10-06.59.49:349][968]LogPlayLevel: PIE: StaticDuplicateObject took: (0.022473s)
[2021.03.10-06.59.49:350][968]LogAIModule: Creating AISystem for world TestMap
[2021.03.10-06.59.49:350][968]LogAISub: UAISubsystem::UAISubsystem EnvQueryManager (000001B76116DA00), frame # 73968
[2021.03.10-06.59.49:350][968]LogAISub: UAISubsystem::UAISubsystem AIPerceptionSystem (000001B737237600), frame # 73968
[2021.03.10-06.59.49:351][968]LogPlayLevel: PIE: World Init took: (0.001405s)
[2021.03.10-06.59.49:351][968]LogPlayLevel: PIE: Created PIE world by copying editor world from /Game/GameLevels/TestMap.TestMap to /Game/GameLevels/UEDPIE_0_TestMap.TestMap (0.024059s)
[2021.03.10-06.59.49:372][968]LogUObjectHash: Compacting FUObjectHashTables data took   2.28ms
[2021.03.10-06.59.49:374][968]LogAudioMixer: Display: Audio Mixer Platform Settings:
[2021.03.10-06.59.49:374][968]LogAudioMixer: Display: 	Sample Rate:						  48000
[2021.03.10-06.59.49:374][968]LogAudioMixer: Display: 	Callback Buffer Frame Size Requested: 1024
[2021.03.10-06.59.49:374][968]LogAudioMixer: Display: 	Callback Buffer Frame Size To Use:	  1024
[2021.03.10-06.59.49:374][968]LogAudioMixer: Display: 	Number of buffers to queue:			  2
[2021.03.10-06.59.49:374][968]LogAudioMixer: Display: 	Max Channels (voices):				  32
[2021.03.10-06.59.49:374][968]LogAudioMixer: Display: 	Number of Async Source Workers:		  0
[2021.03.10-06.59.49:374][968]LogAudio: Display: AudioDevice MaxSources: 32
[2021.03.10-06.59.49:375][968]LogAudio: Display: Using built-in audio occlusion.
[2021.03.10-06.59.49:375][968]LogAudioMixer: Display: Initializing audio mixer.
[2021.03.10-06.59.49:380][968]LogAudioMixer: Display: 0: FrontLeft
[2021.03.10-06.59.49:380][968]LogAudioMixer: Display: 1: FrontRight
[2021.03.10-06.59.49:404][968]LogAudioMixer: Display: Using Audio Device Realtek HD Audio 2nd output (Realtek High Definition Audio)
[2021.03.10-06.59.49:404][968]LogAudioMixer: Display: Initializing Sound Submixes...
[2021.03.10-06.59.49:404][968]LogAudioMixer: Display: Creating Master Submix 'MasterSubmixDefault'
[2021.03.10-06.59.49:404][968]LogAudioMixer: Display: Creating Master Submix 'MasterReverbSubmixDefault'
[2021.03.10-06.59.49:404][968]LogAudioMixer: Display: Creating Master Submix 'MasterEQSubmixDefault'
[2021.03.10-06.59.49:413][968]LogInit: FAudioDevice initialized.
[2021.03.10-06.59.49:417][968]LogLoad: Game class is 'BP_FirstPersonGameMode_C'
[2021.03.10-06.59.49:421][968]LogWorld: Bringing World /Game/GameLevels/UEDPIE_0_TestMap.TestMap up for play (max tick rate 0) at 2021.03.10-01.59.49
[2021.03.10-06.59.49:421][968]LogWorld: Bringing up level for play took: 0.003250
[2021.03.10-06.59.49:421][968]LogOnline: OSS: Creating online subsystem instance for: :Context_6
[2021.03.10-06.59.49:428][968]LogScript: Warning: Script Msg: Attempted to access index -1 from array 'WeaponsBaseInfo' of length 3 in '/Game/FPS_AnimBP/Blueprints/BP_FPS_Character.BP_FPS_Character_C'!
[2021.03.10-06.59.49:429][968]PIE: Server logged in
[2021.03.10-06.59.49:430][968]PIE: Play in editor total start time 0.129 seconds.
[2021.03.10-07.00.01:770][441]LogSlate: Updating window title bar state: overlay mode, drag disabled, window buttons hidden, title bar hidden
[2021.03.10-07.00.01:770][441]LogWorld: BeginTearingDown for /Game/GameLevels/UEDPIE_0_TestMap
[2021.03.10-07.00.01:770][441]LogWorld: UWorld::CleanupWorld for TestMap, bSessionEnded=true, bCleanupResources=true
[2021.03.10-07.00.01:770][441]LogSlate: InvalidateAllWidgets triggered.  All widgets were invalidated
[2021.03.10-07.00.01:780][441]LogPlayLevel: Display: Shutting down PIE online subsystems
[2021.03.10-07.00.01:783][441]LogSlate: InvalidateAllWidgets triggered.  All widgets were invalidated
[2021.03.10-07.00.01:811][441]LogSlate: Updating window title bar state: overlay mode, drag disabled, window buttons hidden, title bar hidden
[2021.03.10-07.00.01:813][441]LogAISub: UAISubsystem::~UAISubsystem AIPerceptionSystem (000001B737237600), frame # 75441
[2021.03.10-07.00.01:813][441]LogAISub: UAISubsystem::~UAISubsystem EnvQueryManager (000001B76116DA00), frame # 75441
[2021.03.10-07.00.01:815][441]LogUObjectHash: Compacting FUObjectHashTables data took   1.40ms
[2021.03.10-07.00.01:842][442]LogPlayLevel: Display: Destroying online subsystem :Context_6
[2021.03.10-07.00.10:967][476]LogTemp: Repeating last play command: Selected Viewport
[2021.03.10-07.00.10:987][476]LogPlayLevel: PlayLevel: No blueprints needed recompiling
[2021.03.10-07.00.10:987][476]PIE: New page: PIE session: TestMap (Mar 9, 2021, 9:00:10 PM)
[2021.03.10-07.00.10:988][476]LogPlayLevel: Creating play world package: /Game/GameLevels/UEDPIE_0_TestMap
[2021.03.10-07.00.11:019][476]LogPlayLevel: PIE: StaticDuplicateObject took: (0.031066s)
[2021.03.10-07.00.11:020][476]LogAIModule: Creating AISystem for world TestMap
[2021.03.10-07.00.11:020][476]LogAISub: UAISubsystem::UAISubsystem EnvQueryManager (000001B79ED2BE00), frame # 76476
[2021.03.10-07.00.11:020][476]LogAISub: UAISubsystem::UAISubsystem AIPerceptionSystem (000001B7B1143380), frame # 76476
[2021.03.10-07.00.11:020][476]LogPlayLevel: PIE: World Init took: (0.001600s)
[2021.03.10-07.00.11:020][476]LogPlayLevel: PIE: Created PIE world by copying editor world from /Game/GameLevels/TestMap.TestMap to /Game/GameLevels/UEDPIE_0_TestMap.TestMap (0.032840s)
[2021.03.10-07.00.11:040][476]LogUObjectHash: Compacting FUObjectHashTables data took   1.74ms
[2021.03.10-07.00.11:043][476]LogAudioMixer: Display: Audio Mixer Platform Settings:
[2021.03.10-07.00.11:043][476]LogAudioMixer: Display: 	Sample Rate:						  48000
[2021.03.10-07.00.11:043][476]LogAudioMixer: Display: 	Callback Buffer Frame Size Requested: 1024
[2021.03.10-07.00.11:043][476]LogAudioMixer: Display: 	Callback Buffer Frame Size To Use:	  1024
[2021.03.10-07.00.11:043][476]LogAudioMixer: Display: 	Number of buffers to queue:			  2
[2021.03.10-07.00.11:043][476]LogAudioMixer: Display: 	Max Channels (voices):				  32
[2021.03.10-07.00.11:043][476]LogAudioMixer: Display: 	Number of Async Source Workers:		  0
[2021.03.10-07.00.11:043][476]LogAudio: Display: AudioDevice MaxSources: 32
[2021.03.10-07.00.11:043][476]LogAudio: Display: Using built-in audio occlusion.
[2021.03.10-07.00.11:043][476]LogAudioMixer: Display: Initializing audio mixer.
[2021.03.10-07.00.11:048][476]LogAudioMixer: Display: 0: FrontLeft
[2021.03.10-07.00.11:049][476]LogAudioMixer: Display: 1: FrontRight
[2021.03.10-07.00.11:072][476]LogAudioMixer: Display: Using Audio Device Realtek HD Audio 2nd output (Realtek High Definition Audio)
[2021.03.10-07.00.11:073][476]LogAudioMixer: Display: Initializing Sound Submixes...
[2021.03.10-07.00.11:073][476]LogAudioMixer: Display: Creating Master Submix 'MasterSubmixDefault'
[2021.03.10-07.00.11:073][476]LogAudioMixer: Display: Creating Master Submix 'MasterReverbSubmixDefault'
[2021.03.10-07.00.11:073][476]LogAudioMixer: Display: Creating Master Submix 'MasterEQSubmixDefault'
[2021.03.10-07.00.11:082][476]LogInit: FAudioDevice initialized.
[2021.03.10-07.00.11:089][476]LogLoad: Game class is 'BP_FirstPersonGameMode_C'
[2021.03.10-07.00.11:092][476]LogWorld: Bringing World /Game/GameLevels/UEDPIE_0_TestMap.TestMap up for play (max tick rate 0) at 2021.03.10-02.00.11
[2021.03.10-07.00.11:092][476]LogWorld: Bringing up level for play took: 0.002675
[2021.03.10-07.00.11:093][476]LogOnline: OSS: Creating online subsystem instance for: :Context_7
[2021.03.10-07.00.11:100][476]LogScript: Warning: Script Msg: Attempted to access index -1 from array 'WeaponsBaseInfo' of length 3 in '/Game/FPS_AnimBP/Blueprints/BP_FPS_Character.BP_FPS_Character_C'!
[2021.03.10-07.00.11:102][476]PIE: Server logged in
[2021.03.10-07.00.11:102][476]PIE: Play in editor total start time 0.118 seconds.
[2021.03.10-07.01.06:059][ 60]LogSlate: Updating window title bar state: overlay mode, drag disabled, window buttons hidden, title bar hidden
[2021.03.10-07.01.06:059][ 60]LogWorld: BeginTearingDown for /Game/GameLevels/UEDPIE_0_TestMap
[2021.03.10-07.01.06:059][ 60]LogWorld: UWorld::CleanupWorld for TestMap, bSessionEnded=true, bCleanupResources=true
[2021.03.10-07.01.06:060][ 60]LogSlate: InvalidateAllWidgets triggered.  All widgets were invalidated
[2021.03.10-07.01.06:066][ 60]LogPlayLevel: Display: Shutting down PIE online subsystems
[2021.03.10-07.01.06:068][ 60]LogSlate: InvalidateAllWidgets triggered.  All widgets were invalidated
[2021.03.10-07.01.06:100][ 60]LogSlate: Updating window title bar state: overlay mode, drag disabled, window buttons hidden, title bar hidden
[2021.03.10-07.01.06:102][ 60]LogAISub: UAISubsystem::~UAISubsystem AIPerceptionSystem (000001B7B1143380), frame # 83060
[2021.03.10-07.01.06:102][ 60]LogAISub: UAISubsystem::~UAISubsystem EnvQueryManager (000001B79ED2BE00), frame # 83060
[2021.03.10-07.01.06:104][ 60]LogUObjectHash: Compacting FUObjectHashTables data took   1.34ms
[2021.03.10-07.01.06:156][ 62]LogPlayLevel: Display: Destroying online subsystem :Context_7
[2021.03.10-07.01.31:681][479]BlueprintLog: New page: Compile BP_FPS_Character
[2021.03.10-07.01.31:864][479]LogUObjectHash: Compacting FUObjectHashTables data took   1.64ms
[2021.03.10-07.01.31:875][479]LogScript: Warning: Accessed None trying to read property HUD
	BP_FPS_Character_C /Engine/Transient.World_3:PersistentLevel.BP_FPS_Character_C_1
	Function /Game/FPS_AnimBP/Blueprints/BP_FPS_Character.BP_FPS_Character_C:ExecuteUbergraph_BP_FPS_Character:2C99
[2021.03.10-07.01.40:369][324]BlueprintLog: New page: Compile BP_FPS_Character
[2021.03.10-07.01.40:568][324]LogUObjectHash: Compacting FUObjectHashTables data took   2.11ms
[2021.03.10-07.01.40:578][324]LogScript: Warning: Accessed None trying to read property HUD
	BP_FPS_Character_C /Engine/Transient.World_3:PersistentLevel.BP_FPS_Character_C_2
	Function /Game/FPS_AnimBP/Blueprints/BP_FPS_Character.BP_FPS_Character_C:ExecuteUbergraph_BP_FPS_Character:2C99
[2021.03.10-07.01.41:866][408]LogUObjectHash: Compacting FUObjectHashTables data took   1.98ms
[2021.03.10-07.01.42:990][408]LogSlate: Window 'Save Content' being destroyed
[2021.03.10-07.01.43:023][408]Cmd: OBJ SAVEPACKAGE PACKAGE="/Game/FPS_AnimBP/Blueprints/BP_FPS_Character" FILE="../../../../../../Documents/GitHub/ProjectNova/Content/FPS_AnimBP/Blueprints/BP_FPS_Character.uasset" SILENT=true
[2021.03.10-07.01.43:496][408]LogSavePackage: Moving '../../../../../../Documents/GitHub/ProjectNova/Saved/BP_FPS_Character6A0FEBB5465B34BCE93662A50EB10C27.tmp' to '../../../../../../Documents/GitHub/ProjectNova/Content/FPS_AnimBP/Blueprints/BP_FPS_Character.uasset'
[2021.03.10-07.01.43:501][408]Cmd: OBJ SAVEPACKAGE PACKAGE="/Game/GameLevels/TestMap" FILE="../../../../../../Documents/GitHub/ProjectNova/Content/GameLevels/TestMap.umap" SILENT=true AUTOSAVING=false KEEPDIRTY=false
[2021.03.10-07.01.43:522][408]LogUObjectHash: Compacting FUObjectHashTables data took   0.37ms
[2021.03.10-07.01.43:596][408]LogSavePackage: Moving '../../../../../../Documents/GitHub/ProjectNova/Saved/TestMap4D6BCBCB453F54AB2A3EEB8CEC5BFAE9.tmp' to '../../../../../../Documents/GitHub/ProjectNova/Content/GameLevels/TestMap.umap'
[2021.03.10-07.01.43:630][408]LogFileHelpers: Saving map 'TestMap' took 0.129
[2021.03.10-07.01.43:649][408]AssetCheck: New page: Asset Save: multiple assets
[2021.03.10-07.01.43:649][408]LogContentValidation: Display: Validating Blueprint /Game/FPS_AnimBP/Blueprints/BP_FPS_Character.BP_FPS_Character
[2021.03.10-07.01.43:649][408]LogContentValidation: Display: Validating World /Game/GameLevels/TestMap.TestMap
[2021.03.10-07.09.51:675][421]LogUObjectHash: Compacting FUObjectHashTables data took   1.46ms
